\BOOKMARK [0][]{titlepage.0}{\376\377\142\111\230\165}{}% 1
\BOOKMARK [0][]{abstract.0}{\376\377\144\130\211\201}{}% 2
\BOOKMARK [0][]{toc.0}{\376\377\166\356\137\125}{}% 3
\BOOKMARK [0][]{lof.0}{\376\377\143\322\126\376\175\042\137\025}{}% 4
\BOOKMARK [0][]{lot.0}{\376\377\210\150\150\074\175\042\137\025}{}% 5
\BOOKMARK [0][]{loa.0}{\376\377\173\227\154\325\175\042\137\025}{}% 6
\BOOKMARK [0][]{nomenclature.0}{\376\377\116\073\211\201\173\046\123\367\133\371\161\147\210\150}{}% 7
\BOOKMARK [0][]{chapter.0}{\376\377\173\054\226\366\172\340\000\040\137\025\212\000}{}% 8
\BOOKMARK [1][-]{section.0.1}{\376\377\0000\000.\0001\000\040\116\073\211\201\121\205\133\271\000\040\000\046\000\040\116\073\211\201\123\302\200\003\215\104\145\231}{chapter.0}% 9
\BOOKMARK [1][-]{section.0.2}{\376\377\0000\000.\0002\000\040\151\202\163\207\213\272\213\304\217\360}{chapter.0}% 10
\BOOKMARK [-1][]{part.1}{\376\377\173\054\116\000\220\350\122\006\155\113\136\246\213\272}{}% 11
\BOOKMARK [0][]{chapter.1}{\376\377\173\054\116\000\172\340\000\040\155\113\136\246\172\172\225\364\116\016\151\202\163\207\172\172\225\364}{part.1}% 12
\BOOKMARK [1][-]{section.1.1}{\376\377\0001\000.\0001\000\040\123\357\155\113\172\172\225\364}{chapter.1}% 13
\BOOKMARK [2][-]{subsection.1.1.1}{\376\377\0001\000.\0001\000.\0001\000\040\226\306\124\010\123\312\121\166\217\320\173\227}{section.1.1}% 14
\BOOKMARK [2][-]{subsection.1.1.2}{\376\377\0001\000.\0001\000.\0002\000\040\226\306\174\173}{section.1.1}% 15
\BOOKMARK [2][-]{subsection.1.1.3}{\376\377\0001\000.\0001\000.\0003\000\040\226\306\174\173\166\204\165\037\142\020}{section.1.1}% 16
\BOOKMARK [1][-]{section.1.2}{\376\377\0001\000.\0002\000\040\155\113\136\246\116\016\155\113\136\246\166\204\147\204\220\040}{chapter.1}% 17
\BOOKMARK [2][-]{subsection.1.2.1}{\376\377\0001\000.\0002\000.\0001\000\040\155\113\136\246\060\001\123\357\155\113\172\172\225\364\116\016\155\113\136\246\172\172\225\364}{section.1.2}% 18
\BOOKMARK [2][-]{subsection.1.2.2}{\376\377\0001\000.\0002\000.\0002\000\040\155\113\136\246\127\050\226\306\116\343\145\160\116\012\166\204\142\151\137\040}{section.1.2}% 19
\BOOKMARK [2][-]{subsection.1.2.3}{\376\377\0001\000.\0002\000.\0003\000\040\131\026\155\113\136\246}{section.1.2}% 20
\BOOKMARK [2][-]{subsection.1.2.4}{\376\377\0001\000.\0002\000.\0004\000\040\116\316\123\112\226\306\116\343\145\160\122\060\116\343\145\160\116\012\166\204\155\113\136\246\142\151\137\040}{section.1.2}% 21
\BOOKMARK [1][-]{section.1.3}{\376\377\0001\000.\0003\000\040\155\113\136\246\166\204\140\047\215\050}{chapter.1}% 22
\BOOKMARK [2][-]{subsection.1.3.1}{\376\377\0001\000.\0003\000.\0001\000\040\155\113\136\246\166\204\217\320\173\227\140\047\215\050}{section.1.3}% 23
\BOOKMARK [2][-]{subsection.1.3.2}{\376\377\0001\000.\0003\000.\0002\000\040\155\113\136\246\172\172\225\364\166\204\133\214\121\150\123\026}{section.1.3}% 24
\BOOKMARK [2][-]{subsection.1.3.3}{\376\377\0001\000.\0003\000.\0003\000\040\000L\000e\000b\000e\000s\000g\000u\000e\000-\000S\000t\000i\000e\000l\000t\000j\000e\000s\155\113\136\246}{section.1.3}% 25
\BOOKMARK [0][]{chapter.2}{\376\377\173\054\116\214\172\340\000\040\123\357\155\113\121\375\145\160\116\016\226\217\147\072\123\330\221\317}{part.1}% 26
\BOOKMARK [1][-]{section.2.1}{\376\377\0002\000.\0001\000\040\123\357\155\113\121\375\145\160\116\016\122\006\136\003}{chapter.2}% 27
\BOOKMARK [1][-]{section.2.2}{\376\377\0002\000.\0002\000\040\122\006\136\003\116\016\122\006\136\003\121\375\145\160}{chapter.2}% 28
\BOOKMARK [2][-]{subsection.2.2.1}{\376\377\0002\000.\0002\000.\0001\000\040\123\357\155\113\121\375\145\160\166\204\217\320\173\227}{section.2.2}% 29
\BOOKMARK [1][-]{section.2.3}{\376\377\0002\000.\0003\000\040\131\015\124\010\146\040\134\004\166\204\123\357\155\113\140\047}{chapter.2}% 30
\BOOKMARK [1][-]{section.2.4}{\376\377\0002\000.\0004\000\040\123\357\155\113\146\040\134\004\122\027\147\201\226\120\166\204\123\357\155\113\140\047}{chapter.2}% 31
\BOOKMARK [1][-]{section.2.5}{\376\377\0002\000.\0005\000\040\123\357\155\113\121\375\145\160\166\204\147\204\220\040}{chapter.2}% 32
\BOOKMARK [0][]{chapter.3}{\376\377\173\054\116\011\172\340\000\040\171\357\122\006\116\016\145\160\133\146\147\037\147\033}{part.1}% 33
\BOOKMARK [1][-]{section.3.1}{\376\377\0003\000.\0001\000\040\171\357\122\006\166\204\133\232\116\111}{chapter.3}% 34
\BOOKMARK [1][-]{section.3.2}{\376\377\0003\000.\0002\000\040\171\357\122\006\166\204\140\047\215\050}{chapter.3}% 35
\BOOKMARK [1][-]{section.3.3}{\376\377\0003\000.\0003\000\040\172\172\225\364\000L\000p\000\050\000X\000,\000F\000,\003\274\000\051}{chapter.3}% 36
\BOOKMARK [1][-]{section.3.4}{\376\377\0003\000.\0004\000\040\151\202\163\207\172\172\225\364\166\204\171\357\122\006}{chapter.3}% 37
\BOOKMARK [0][]{chapter.4}{\376\377\173\054\126\333\172\340\000\040\116\015\133\232\171\357\122\006\116\016\147\141\116\366\147\037\147\033}{part.1}% 38
\BOOKMARK [1][-]{section.4.1}{\376\377\0004\000.\0001\000\040\173\046\123\367\155\113\136\246}{chapter.4}% 39
\BOOKMARK [1][-]{section.4.2}{\376\377\0004\000.\0002\000\040\173\046\123\367\155\113\136\246\166\204\122\006\211\343}{chapter.4}% 40
\BOOKMARK [2][-]{subsection.4.2.1}{\376\377\0004\000.\0002\000.\0001\000\040\000H\000a\000h\000n\122\006\211\343\124\214\000J\000o\000r\000d\000a\000n\122\006\211\343}{section.4.2}% 41
\BOOKMARK [2][-]{subsection.4.2.2}{\376\377\0004\000.\0002\000.\0002\000\040\000R\000a\000d\000o\000n\000-\000N\000i\000k\000o\000d\000y\000m\133\232\164\006}{section.4.2}% 42
\BOOKMARK [2][-]{subsection.4.2.3}{\376\377\0004\000.\0002\000.\0003\000\040\000L\000e\000b\000e\000s\000g\000u\000e\122\006\211\343}{section.4.2}% 43
\BOOKMARK [1][-]{section.4.3}{\376\377\0004\000.\0003\000\040\147\141\116\366\147\037\147\033\116\016\147\141\116\366\151\202\163\207}{chapter.4}% 44
\BOOKMARK [0][]{chapter.5}{\376\377\173\054\116\224\172\340\000\040\116\130\171\357\172\172\225\364}{part.1}% 45
\BOOKMARK [1][-]{section.5.1}{\376\377\0005\000.\0001\000\040\147\011\226\120\176\364\116\130\171\357\172\172\225\364}{chapter.5}% 46
\BOOKMARK [1][-]{section.5.2}{\376\377\0005\000.\0002\000\040\131\032\176\364\000L\000e\000b\000e\000s\000g\000u\000e\000-\000S\000t\000i\000e\000l\000t\000j\000e\000s\155\113\136\246}{chapter.5}% 47
\BOOKMARK [1][-]{section.5.3}{\376\377\0005\000.\0003\000\040\123\357\122\027\176\364\116\130\171\357\172\172\225\364\166\204\151\202\163\207\155\113\136\246}{chapter.5}% 48
\BOOKMARK [1][-]{section.5.4}{\376\377\0005\000.\0004\000\040\116\373\141\017\145\340\172\167\176\364\116\130\171\357\172\172\225\364\166\204\151\202\163\207\155\113\136\246}{chapter.5}% 49
\BOOKMARK [0][]{chapter.6}{\376\377\173\054\121\155\172\340\000\040\171\273\145\143\227\205\213\272}{part.1}% 50
\BOOKMARK [1][-]{section.6.1}{\376\377\0006\000.\0001\000\040\127\372\147\054\151\202\137\365}{chapter.6}% 51
\BOOKMARK [1][-]{section.6.2}{\376\377\0006\000.\0002\000\040\120\134\145\366\133\232\164\006}{chapter.6}% 52
\BOOKMARK [1][-]{section.6.3}{\376\377\0006\000.\0003\000\040\145\066\145\133\133\232\164\006}{chapter.6}% 53
\BOOKMARK [1][-]{section.6.4}{\376\377\0006\000.\0004\000\040\227\205\166\204\116\015\173\111\137\017}{chapter.6}% 54
\BOOKMARK [0][]{chapter.7}{\376\377\173\054\116\003\172\340\000\040\173\200\116\313}{part.1}% 55
\BOOKMARK [1][-]{section.7.1}{\376\377\0007\000.\0001\000\040\116\214\176\247\150\007\230\230}{chapter.7}% 56
\BOOKMARK [2][-]{subsection.7.1.1}{\376\377\0007\000.\0001\000.\0001\000\040\116\011\176\247\150\007\230\230}{section.7.1}% 57
\BOOKMARK [3][-]{subsubsection.7.1.1.1}{\376\377\0007\000.\0001\000.\0001\000.\0001\000\040\126\333\176\247\150\007\230\230}{subsection.7.1.1}% 58
\BOOKMARK [1][-]{section.7.2}{\376\377\0007\000.\0002\000\040\201\032\154\350}{chapter.7}% 59
\BOOKMARK [1][-]{section.7.3}{\376\377\0007\000.\0003\000\040\133\127\117\123}{chapter.7}% 60
\BOOKMARK [0][]{chapter.8}{\376\377\173\054\121\153\172\340\000\040\155\156\122\250\117\123}{part.1}% 61
\BOOKMARK [1][-]{section.8.1}{\376\377\0008\000.\0001\000\040\143\322\126\376}{chapter.8}% 62
\BOOKMARK [2][-]{subsection.8.1.1}{\376\377\0008\000.\0001\000.\0001\000\040\123\125\116\052\126\376\137\142}{section.8.1}% 63
\BOOKMARK [2][-]{subsection.8.1.2}{\376\377\0008\000.\0001\000.\0002\000\040\131\032\116\052\126\376\137\142}{section.8.1}% 64
\BOOKMARK [1][-]{section.8.2}{\376\377\0008\000.\0002\000\040\210\150\150\074}{chapter.8}% 65
\BOOKMARK [2][-]{subsection.8.2.1}{\376\377\0008\000.\0002\000.\0001\000\040\127\372\147\054\210\150\150\074}{section.8.2}% 66
\BOOKMARK [2][-]{subsection.8.2.2}{\376\377\0008\000.\0002\000.\0002\000\040\131\015\147\102\210\150\150\074}{section.8.2}% 67
\BOOKMARK [1][-]{section.8.3}{\376\377\0008\000.\0003\000\040\173\227\154\325\163\257\130\203}{chapter.8}% 68
\BOOKMARK [1][-]{section.8.4}{\376\377\0008\000.\0004\000\040\116\343\170\001\163\257\130\203}{chapter.8}% 69
\BOOKMARK [0][]{chapter.9}{\376\377\173\054\116\135\172\340\000\040\145\160\133\146\116\016\137\025\165\050\145\207\163\056\166\204\150\007\154\350}{part.1}% 70
\BOOKMARK [1][-]{section.9.1}{\376\377\0009\000.\0001\000\040\145\160\133\146}{chapter.9}% 71
\BOOKMARK [2][-]{subsection.9.1.1}{\376\377\0009\000.\0001\000.\0001\000\040\145\160\133\127\124\214\123\125\117\115}{section.9.1}% 72
\BOOKMARK [2][-]{subsection.9.1.2}{\376\377\0009\000.\0001\000.\0002\000\040\145\160\133\146\173\046\123\367\124\214\121\154\137\017}{section.9.1}% 73
\BOOKMARK [2][-]{subsection.9.1.3}{\376\377\0009\000.\0001\000.\0003\000\040\133\232\164\006\163\257\130\203}{section.9.1}% 74
\BOOKMARK [1][-]{section.9.2}{\376\377\0009\000.\0002\000\040\137\025\165\050\145\207\163\056\166\204\150\007\154\350}{chapter.9}% 75
\BOOKMARK [0][]{chapter*.16}{\376\377\121\150\145\207\140\073\176\323}{part.1}% 76
\BOOKMARK [0][]{appendix.A}{\376\377\226\104\137\125\000\040\000A\000\040\000M\000a\000x\000w\000e\000l\000l\000\040\000E\000q\000u\000a\000t\000i\000o\000n\000s}{part.1}% 77
\BOOKMARK [0][]{appendix.B}{\376\377\226\104\137\125\000\040\000B\000\040\176\330\122\066\155\101\172\013\126\376}{part.1}% 78
\BOOKMARK [0][]{appendix*.18}{\376\377\201\364\214\042}{part.1}% 79
