This is XeTeX, Version 3.14159265-2.6-0.999991 (TeX Live 2019) (preloaded format=xelatex 2019.10.20)  24 OCT 2019 19:47
entering extended mode
 restricted \write18 enabled.
 file:line:error style messages enabled.
 %&-line parsing enabled.
**"/home/yy/桌面/LaLeX_Projects/Probability and Stochastic Processes/Notes/main"
(/home/yy/桌面/LaLeX_Projects/Probability and Stochastic Processes/Notes/main.tex
LaTeX2e <2018-12-01>
(/usr/local/texlive/2019/texmf-dist/tex/latex/ctex/ctexbook.cls (/usr/local/texlive/2019/texmf-dist/tex/latex/l3kernel/expl3.sty
Package: expl3 2019-04-06 L3 programming layer (loader) 
 (/usr/local/texlive/2019/texmf-dist/tex/latex/l3kernel/expl3-code.tex
Package: expl3 2019-04-06 L3 programming layer (code)
\c_max_int=\count80
\l_tmpa_int=\count81
\l_tmpb_int=\count82
\g_tmpa_int=\count83
\g_tmpb_int=\count84
\g__kernel_prg_map_int=\count85
\c__ior_term_ior=\count86
\c_log_iow=\count87
\l_iow_line_count_int=\count88
\l__iow_line_target_int=\count89
\l__iow_one_indent_int=\count90
\l__iow_indent_int=\count91
\c_zero_dim=\dimen102
\c_max_dim=\dimen103
\l_tmpa_dim=\dimen104
\l_tmpb_dim=\dimen105
\g_tmpa_dim=\dimen106
\g_tmpb_dim=\dimen107
\c_zero_skip=\skip41
\c_max_skip=\skip42
\l_tmpa_skip=\skip43
\l_tmpb_skip=\skip44
\g_tmpa_skip=\skip45
\g_tmpb_skip=\skip46
\c_zero_muskip=\muskip10
\c_max_muskip=\muskip11
\l_tmpa_muskip=\muskip12
\l_tmpb_muskip=\muskip13
\g_tmpa_muskip=\muskip14
\g_tmpb_muskip=\muskip15
\l_keys_choice_int=\count92
\l__intarray_loop_int=\count93
\c__intarray_sp_dim=\dimen108
\g__intarray_font_int=\count94
\c__fp_leading_shift_int=\count95
\c__fp_middle_shift_int=\count96
\c__fp_trailing_shift_int=\count97
\c__fp_big_leading_shift_int=\count98
\c__fp_big_middle_shift_int=\count99
\c__fp_big_trailing_shift_int=\count100
\c__fp_Bigg_leading_shift_int=\count101
\c__fp_Bigg_middle_shift_int=\count102
\c__fp_Bigg_trailing_shift_int=\count103
\g__fp_array_int=\count104
\l__fp_array_loop_int=\count105
\l__sort_length_int=\count106
\l__sort_min_int=\count107
\l__sort_top_int=\count108
\l__sort_max_int=\count109
\l__sort_true_max_int=\count110
\l__sort_block_int=\count111
\l__sort_begin_int=\count112
\l__sort_end_int=\count113
\l__sort_A_int=\count114
\l__sort_B_int=\count115
\l__sort_C_int=\count116
\l__tl_analysis_normal_int=\count117
\l__tl_analysis_index_int=\count118
\l__tl_analysis_nesting_int=\count119
\l__tl_analysis_type_int=\count120
\l__regex_internal_a_int=\count121
\l__regex_internal_b_int=\count122
\l__regex_internal_c_int=\count123
\l__regex_balance_int=\count124
\l__regex_group_level_int=\count125
\l__regex_mode_int=\count126
\c__regex_cs_in_class_mode_int=\count127
\c__regex_cs_mode_int=\count128
\l__regex_catcodes_int=\count129
\l__regex_default_catcodes_int=\count130
\c__regex_catcode_L_int=\count131
\c__regex_catcode_O_int=\count132
\c__regex_catcode_A_int=\count133
\c__regex_all_catcodes_int=\count134
\l__regex_show_lines_int=\count135
\l__regex_min_state_int=\count136
\l__regex_max_state_int=\count137
\l__regex_left_state_int=\count138
\l__regex_right_state_int=\count139
\l__regex_capturing_group_int=\count140
\l__regex_min_pos_int=\count141
\l__regex_max_pos_int=\count142
\l__regex_curr_pos_int=\count143
\l__regex_start_pos_int=\count144
\l__regex_success_pos_int=\count145
\l__regex_curr_char_int=\count146
\l__regex_curr_catcode_int=\count147
\l__regex_last_char_int=\count148
\l__regex_case_changed_char_int=\count149
\l__regex_curr_state_int=\count150
\l__regex_step_int=\count151
\l__regex_min_active_int=\count152
\l__regex_max_active_int=\count153
\l__regex_replacement_csnames_int=\count154
\l__regex_match_count_int=\count155
\l__regex_min_submatch_int=\count156
\l__regex_submatch_int=\count157
\l__regex_zeroth_submatch_int=\count158
\g__regex_trace_regex_int=\count159
\c_empty_box=\box27
\l_tmpa_box=\box28
\l_tmpb_box=\box29
\g_tmpa_box=\box30
\g_tmpb_box=\box31
\l__box_top_dim=\dimen109
\l__box_bottom_dim=\dimen110
\l__box_left_dim=\dimen111
\l__box_right_dim=\dimen112
\l__box_top_new_dim=\dimen113
\l__box_bottom_new_dim=\dimen114
\l__box_left_new_dim=\dimen115
\l__box_right_new_dim=\dimen116
\l__box_internal_box=\box32
\l__coffin_internal_box=\box33
\l__coffin_internal_dim=\dimen117
\l__coffin_offset_x_dim=\dimen118
\l__coffin_offset_y_dim=\dimen119
\l__coffin_x_dim=\dimen120
\l__coffin_y_dim=\dimen121
\l__coffin_x_prime_dim=\dimen122
\l__coffin_y_prime_dim=\dimen123
\c_empty_coffin=\box34
\l__coffin_aligned_coffin=\box35
\l__coffin_aligned_internal_coffin=\box36
\l_tmpa_coffin=\box37
\l_tmpb_coffin=\box38
\g_tmpa_coffin=\box39
\g_tmpb_coffin=\box40
\l__coffin_bounding_shift_dim=\dimen124
\l__coffin_left_corner_dim=\dimen125
\l__coffin_right_corner_dim=\dimen126
\l__coffin_bottom_corner_dim=\dimen127
\l__coffin_top_corner_dim=\dimen128
\l__coffin_scaled_total_height_dim=\dimen129
\l__coffin_scaled_width_dim=\dimen130
\c__coffin_empty_coffin=\box41
\l__coffin_display_coffin=\box42
\l__coffin_display_coord_coffin=\box43
\l__coffin_display_pole_coffin=\box44
\l__coffin_display_offset_dim=\dimen131
\l__coffin_display_x_dim=\dimen132
\l__coffin_display_y_dim=\dimen133
\g__file_internal_ior=\read1
\l__seq_internal_a_int=\count160
\l__seq_internal_b_int=\count161
\c__deprecation_minus_one=\count162
) (/usr/local/texlive/2019/texmf-dist/tex/latex/l3kernel/l3xdvipdfmx.def
File: l3xdvipdfmx.def 2019-04-06 v L3 Experimental driver: xdvipdfmx
\g__driver_image_int=\count163
\g__driver_pdf_object_int=\count164
))
Document Class: ctexbook 2019/04/07 v2.4.15 Chinese adapter for class book (CTEX)
(/usr/local/texlive/2019/texmf-dist/tex/latex/l3packages/xparse/xparse.sty
Package: xparse 2019-03-05 L3 Experimental document command parser
\l__xparse_current_arg_int=\count165
\g__xparse_grabber_int=\count166
\l__xparse_m_args_int=\count167
\l__xparse_v_nesting_int=\count168
) (/usr/local/texlive/2019/texmf-dist/tex/latex/l3packages/l3keys2e/l3keys2e.sty
Package: l3keys2e 2019-03-05 LaTeX2e option processing using LaTeX3 keys
) (/usr/local/texlive/2019/texmf-dist/tex/latex/ctex/ctexhook.sty
Package: ctexhook 2019/04/07 v2.4.15 Document and package hooks (CTEX)
) (/usr/local/texlive/2019/texmf-dist/tex/latex/ctex/ctexpatch.sty
Package: ctexpatch 2019/04/07 v2.4.15 Patching commands (CTEX)
) (/usr/local/texlive/2019/texmf-dist/tex/latex/base/fix-cm.sty
Package: fix-cm 2015/01/14 v1.1t fixes to LaTeX
 (/usr/local/texlive/2019/texmf-dist/tex/latex/base/ts1enc.def
File: ts1enc.def 2001/06/05 v3.0e (jk/car/fm) Standard LaTeX file
)) (/usr/local/texlive/2019/texmf-dist/tex/latex/ms/everysel.sty
Package: everysel 2011/10/28 v1.2 EverySelectfont Package (MS)
)
\l__ctex_tmp_int=\count169
\l__ctex_tmp_box=\box45
\l__ctex_tmp_dim=\dimen134
\g__ctex_section_depth_int=\count170
\g__ctex_font_size_int=\count171
 (/usr/local/texlive/2019/texmf-dist/tex/latex/ctex/config/ctexopts.cfg
File: ctexopts.cfg 2019/04/07 v2.4.15 Option configuration file (CTEX)
) (/usr/local/texlive/2019/texmf-dist/tex/latex/base/book.cls
Document Class: book 2018/09/03 v1.4i Standard LaTeX document class
(/usr/local/texlive/2019/texmf-dist/tex/latex/base/bk12.clo
File: bk12.clo 2018/09/03 v1.4i Standard LaTeX file (size option)
)
\c@part=\count172
\c@chapter=\count173
\c@section=\count174
\c@subsection=\count175
\c@subsubsection=\count176
\c@paragraph=\count177
\c@subparagraph=\count178
\c@figure=\count179
\c@table=\count180
\abovecaptionskip=\skip47
\belowcaptionskip=\skip48
\bibindent=\dimen135
) (/usr/local/texlive/2019/texmf-dist/tex/latex/ctex/engine/ctex-engine-xetex.def
File: ctex-engine-xetex.def 2019/04/07 v2.4.15 XeLaTeX adapter (CTEX)
 (/usr/local/texlive/2019/texmf-dist/tex/xelatex/xecjk/xeCJK.sty
Package: xeCJK 2019/04/07 v3.7.2 Typesetting CJK scripts with XeLaTeX
 (/usr/local/texlive/2019/texmf-dist/tex/latex/l3packages/xtemplate/xtemplate.sty
Package: xtemplate 2019-03-05 L3 Experimental prototype document functions
\l__xtemplate_tmp_dim=\dimen136
\l__xtemplate_tmp_int=\count181
\l__xtemplate_tmp_muskip=\muskip16
\l__xtemplate_tmp_skip=\skip49
)
\l__xeCJK_tmp_int=\count182
\l__xeCJK_tmp_box=\box46
\l__xeCJK_tmp_dim=\dimen137
\l__xeCJK_tmp_skip=\skip50
\g__xeCJK_space_factor_int=\count183
\l__xeCJK_begin_int=\count184
\l__xeCJK_end_int=\count185
\c__xeCJK_CJK_class_int=\XeTeXcharclass1
\c__xeCJK_FullLeft_class_int=\XeTeXcharclass2
\c__xeCJK_FullRight_class_int=\XeTeXcharclass3
\c__xeCJK_HalfLeft_class_int=\XeTeXcharclass4
\c__xeCJK_HalfRight_class_int=\XeTeXcharclass5
\c__xeCJK_NormalSpace_class_int=\XeTeXcharclass6
\c__xeCJK_CM_class_int=\XeTeXcharclass7
\c__xeCJK_HangulJamo_class_int=\XeTeXcharclass8
\l__xeCJK_last_skip=\skip51
\g__xeCJK_node_int=\count186
\c__xeCJK_CJK_node_dim=\dimen138
\c__xeCJK_CJK-space_node_dim=\dimen139
\c__xeCJK_default_node_dim=\dimen140
\c__xeCJK_default-space_node_dim=\dimen141
\c__xeCJK_CJK-widow_node_dim=\dimen142
\c__xeCJK_normalspace_node_dim=\dimen143
\l__xeCJK_ccglue_skip=\skip52
\l__xeCJK_ecglue_skip=\skip53
\l__xeCJK_punct_kern_skip=\skip54
\l__xeCJK_last_penalty_int=\count187
\l__xeCJK_last_bound_dim=\dimen144
\l__xeCJK_last_kern_dim=\dimen145
\l__xeCJK_widow_penalty_int=\count188

Package xtemplate Info: Declaring object type 'xeCJK/punctuation' taking 0
(xtemplate)             argument(s) on line 2352.

\l__xeCJK_fixed_punct_width_dim=\dimen146
\l__xeCJK_mixed_punct_width_dim=\dimen147
\l__xeCJK_middle_punct_width_dim=\dimen148
\l__xeCJK_fixed_margin_width_dim=\dimen149
\l__xeCJK_mixed_margin_width_dim=\dimen150
\l__xeCJK_middle_margin_width_dim=\dimen151
\l__xeCJK_bound_punct_width_dim=\dimen152
\l__xeCJK_bound_margin_width_dim=\dimen153
\l__xeCJK_margin_minimum_dim=\dimen154
\l__xeCJK_kerning_total_width_dim=\dimen155
\l__xeCJK_same_align_margin_dim=\dimen156
\l__xeCJK_different_align_margin_dim=\dimen157
\l__xeCJK_kerning_margin_width_dim=\dimen158
\l__xeCJK_kerning_margin_minimum_dim=\dimen159
\l__xeCJK_bound_dim=\dimen160
\l__xeCJK_reverse_bound_dim=\dimen161
\l__xeCJK_minimum_bound_dim=\dimen162
\l__xeCJK_kerning_margin_dim=\dimen163
\l__xeCJK_original_margin_dim=\dimen164
\g__xeCJK_family_int=\count189
\l__xeCJK_fam_int=\count190
\g__xeCJK_fam_allocation_int=\count191
\l__xeCJK_verb_case_int=\count192
\l__xeCJK_verb_exspace_skip=\skip55
 (/usr/local/texlive/2019/texmf-dist/tex/latex/fontspec/fontspec.sty
Package: fontspec 2019/03/15 v2.7c Font selection for XeLaTeX and LuaLaTeX
 (/usr/local/texlive/2019/texmf-dist/tex/latex/fontspec/fontspec-xetex.sty
Package: fontspec-xetex 2019/03/15 v2.7c Font selection for XeLaTeX and LuaLaTeX
\l__fontspec_script_int=\count193
\l__fontspec_language_int=\count194
\l__fontspec_strnum_int=\count195
\l__fontspec_tmp_int=\count196
\l__fontspec_tmpa_int=\count197
\l__fontspec_tmpb_int=\count198
\l__fontspec_tmpc_int=\count199
\l__fontspec_em_int=\count266
\l__fontspec_emdef_int=\count267
\l__fontspec_strong_int=\count268
\l__fontspec_strongdef_int=\count269
\l__fontspec_tmpa_dim=\dimen165
\l__fontspec_tmpb_dim=\dimen166
\l__fontspec_tmpc_dim=\dimen167
 (/usr/local/texlive/2019/texmf-dist/tex/latex/base/fontenc.sty
Package: fontenc 2018/08/11 v2.0j Standard LaTeX package
 (/usr/local/texlive/2019/texmf-dist/tex/latex/base/tuenc.def
File: tuenc.def 2018/08/11 v2.0j Standard LaTeX file
LaTeX Font Info:    Redeclaring font encoding TU on input line 82.
)) (/usr/local/texlive/2019/texmf-dist/tex/latex/fontspec/fontspec.cfg)
LaTeX Info: Redefining \itshape on input line 4051.
LaTeX Info: Redefining \slshape on input line 4056.
LaTeX Info: Redefining \scshape on input line 4061.
LaTeX Info: Redefining \upshape on input line 4066.
LaTeX Info: Redefining \em on input line 4096.
LaTeX Info: Redefining \emph on input line 4121.
)) (/usr/local/texlive/2019/texmf-dist/tex/xelatex/xecjk/xeCJK.cfg
File: xeCJK.cfg 2019/04/07 v3.7.2 Configuration file for xeCJK package
)) (/usr/local/texlive/2019/texmf-dist/tex/xelatex/xecjk/xeCJKfntef.sty
Package: xeCJKfntef 2019/04/07 v3.7.2 xeCJK font effect
 (/usr/local/texlive/2019/texmf-dist/tex/generic/ulem/ulem.sty
\UL@box=\box47
\UL@hyphenbox=\box48
\UL@skip=\skip56
\UL@hook=\toks14
\UL@height=\dimen168
\UL@pe=\count270
\UL@pixel=\dimen169
\ULC@box=\box49
Package: ulem 2012/05/18
\ULdepth=\dimen170
) (/usr/local/texlive/2019/texmf-dist/tex/latex/cjk/texinput/CJKfntef.sty
Package: CJKfntef 2015/04/18 4.8.4
\CJK@fntefSkip=\skip57
\CJK@nest=\count271
\CJK@fntefDimen=\dimen171
\CJK@underdotBox=\box50
\CJK@ULbox=\box51
\CJK@underanyskip=\dimen172
)
\l__xeCJK_space_skip=\skip58
\c__xeCJK_ulem-begin_node_dim=\dimen173
\c__xeCJK_null_box=\box52
\l__xeCJK_fntef_box=\box53
\l__xeCJK_under_symbol_box=\box54
\c__xeCJK_filll_skip=\skip59
)
\ccwd=\dimen174
\l__ctex_ccglue_skip=\skip60
)
\l__ctex_ziju_dim=\dimen175
 (/usr/local/texlive/2019/texmf-dist/tex/latex/zhnumber/zhnumber.sty
Package: zhnumber 2019/04/07 v2.7 Typesetting numbers with Chinese glyphs
\l__zhnum_scale_int=\count272
 (/usr/local/texlive/2019/texmf-dist/tex/latex/zhnumber/zhnumber-utf8.cfg
File: zhnumber-utf8.cfg 2019/04/07 v2.7 Chinese numerals with UTF8 encoding
))
\l__ctex_heading_skip=\skip61
 (/usr/local/texlive/2019/texmf-dist/tex/latex/ctex/scheme/ctex-scheme-chinese-book.def
File: ctex-scheme-chinese-book.def 2019/04/07 v2.4.15 Chinese scheme for book (CTEX)
 (/usr/local/texlive/2019/texmf-dist/tex/latex/ctex/config/ctex-name-utf8.cfg
File: ctex-name-utf8.cfg 2019/04/07 v2.4.15 Caption with encoding UTF8 (CTEX)
)) (/usr/local/texlive/2019/texmf-dist/tex/latex/ctex/fontset/ctex-fontset-fandol.def
File: ctex-fontset-fandol.def 2019/04/07 v2.4.15 Fandol fonts definition (CTEX)


Package fontspec Warning: Font "FandolSong-Regular" does not contain requested
(fontspec)                Script "CJK".


Package fontspec Info: Font family 'FandolSong-Regular(0)' created for font
(fontspec)             'FandolSong-Regular' with options
(fontspec)             [Script={CJK},Extension={.otf},BoldFont={FandolSong-Bold},ItalicFont={FandolKai-Regular}].
(fontspec)              
(fontspec)              This font family consists of the following NFSS
(fontspec)             series/shapes:
(fontspec)              
(fontspec)             - 'normal' (m/n) with NFSS spec.:
(fontspec)             <->"[FandolSong-Regular.otf]/OT"
(fontspec)             - 'small caps'  (m/sc) with NFSS spec.: 
(fontspec)             - 'bold' (bx/n) with NFSS spec.:
(fontspec)             <->"[FandolSong-Bold.otf]/OT"
(fontspec)             - 'bold small caps'  (bx/sc) with NFSS spec.: 
(fontspec)             - 'italic' (m/it) with NFSS spec.:
(fontspec)             <->"[FandolKai-Regular.otf]/OT"
(fontspec)             - 'italic small caps'  (m/itsc) with NFSS spec.: 

)) (/usr/local/texlive/2019/texmf-dist/tex/latex/ctex/config/ctex.cfg
File: ctex.cfg 2019/04/07 v2.4.15 Configuration file (CTEX)
) (/usr/local/texlive/2019/texmf-dist/tex/latex/silence/silence.sty
Package: silence 2012/07/02 v1.5b Selective filtering of warnings and error messages
\sl@Save=\count273
\sl@StateNumber=\count274
\sl@MessageCount=\count275
\sl@Casualties=\count276
\sl@Filter=\toks15
\sl@Message=\toks16
\sl@UnexpandedMessage=\toks17
\sl@Mess@ge=\toks18
\sl@WarningCount=\count277
\sl@WarningNumber=\count278
\sl@WarningCasualties=\count279
\sl@TempBOW=\toks19
\sl@BankOfWarnings=\toks20
LaTeX Info: Redefining \GenericWarning on input line 433.
\sl@ErrorCount=\count280
\sl@ErrorNumber=\count281
\sl@ErrorCasualties=\count282
\sl@TempBOE=\toks21
\sl@BankOfErrors=\toks22
LaTeX Info: Redefining \GenericError on input line 601.
)

Package fontspec Info: Font family 'CMUSerif(0)' created for font 'CMU Serif'
(fontspec)             with options [Ligatures=TeX].
(fontspec)              
(fontspec)              This font family consists of the following NFSS
(fontspec)             series/shapes:
(fontspec)              
(fontspec)             - 'normal' (m/n) with NFSS spec.: <->"CMU
(fontspec)             Serif/OT:script=latn;language=DFLT;mapping=tex-text;"
(fontspec)             - 'small caps'  (m/sc) with NFSS spec.: <->"CMU
(fontspec)             Serif/OT:script=latn;language=DFLT;+smcp;mapping=tex-text;"
(fontspec)             - 'bold' (bx/n) with NFSS spec.: <->"CMU
(fontspec)             Serif/B/OT:script=latn;language=DFLT;mapping=tex-text;"
(fontspec)             - 'bold small caps'  (bx/sc) with NFSS spec.: <->"CMU
(fontspec)             Serif/B/OT:script=latn;language=DFLT;+smcp;mapping=tex-text;"
(fontspec)             - 'italic' (m/it) with NFSS spec.: <->"CMU
(fontspec)             Serif/I/OT:script=latn;language=DFLT;mapping=tex-text;"
(fontspec)             - 'italic small caps'  (m/itsc) with NFSS spec.: 
(fontspec)             - 'bold italic' (bx/it) with NFSS spec.: <->"CMU
(fontspec)             Serif/BI/OT:script=latn;language=DFLT;mapping=tex-text;"
(fontspec)             - 'bold italic small caps'  (bx/itsc) with NFSS spec.: 

LaTeX Info: Redefining \rmfamily on input line 6.
 (/usr/local/texlive/2019/texmf-dist/tex/latex/jknapltx/mathrsfs.sty
Package: mathrsfs 1996/01/01 Math RSFS package v1.0 (jk)
\symrsfs=\mathgroup4
) (/usr/local/texlive/2019/texmf-dist/tex/latex/geometry/geometry.sty
Package: geometry 2018/04/16 v5.8 Page Geometry
 (/usr/local/texlive/2019/texmf-dist/tex/latex/graphics/keyval.sty
Package: keyval 2014/10/28 v1.15 key=value parser (DPC)
\KV@toks@=\toks23
) (/usr/local/texlive/2019/texmf-dist/tex/generic/oberdiek/ifpdf.sty
Package: ifpdf 2018/09/07 v3.3 Provides the ifpdf switch
) (/usr/local/texlive/2019/texmf-dist/tex/generic/oberdiek/ifvtex.sty
Package: ifvtex 2016/05/16 v1.6 Detect VTeX and its facilities (HO)
Package ifvtex Info: VTeX not detected.
) (/usr/local/texlive/2019/texmf-dist/tex/generic/ifxetex/ifxetex.sty
Package: ifxetex 2010/09/12 v0.6 Provides ifxetex conditional
)
\Gm@cnth=\count283
\Gm@cntv=\count284
\c@Gm@tempcnt=\count285
\Gm@bindingoffset=\dimen176
\Gm@wd@mp=\dimen177
\Gm@odd@mp=\dimen178
\Gm@even@mp=\dimen179
\Gm@layoutwidth=\dimen180
\Gm@layoutheight=\dimen181
\Gm@layouthoffset=\dimen182
\Gm@layoutvoffset=\dimen183
\Gm@dimlist=\toks24
) (/usr/local/texlive/2019/texmf-dist/tex/latex/amsmath/amsmath.sty
Package: amsmath 2018/12/01 v2.17b AMS math features
\@mathmargin=\skip62

For additional information on amsmath, use the `?' option.
(/usr/local/texlive/2019/texmf-dist/tex/latex/amsmath/amstext.sty
Package: amstext 2000/06/29 v2.01 AMS text
 (/usr/local/texlive/2019/texmf-dist/tex/latex/amsmath/amsgen.sty
File: amsgen.sty 1999/11/30 v2.0 generic functions
\@emptytoks=\toks25
\ex@=\dimen184
)) (/usr/local/texlive/2019/texmf-dist/tex/latex/amsmath/amsbsy.sty
Package: amsbsy 1999/11/29 v1.2d Bold Symbols
\pmbraise@=\dimen185
) (/usr/local/texlive/2019/texmf-dist/tex/latex/amsmath/amsopn.sty
Package: amsopn 2016/03/08 v2.02 operator names
)
\inf@bad=\count286
LaTeX Info: Redefining \frac on input line 223.
\uproot@=\count287
\leftroot@=\count288
LaTeX Info: Redefining \overline on input line 385.
\classnum@=\count289
\DOTSCASE@=\count290
LaTeX Info: Redefining \ldots on input line 482.
LaTeX Info: Redefining \dots on input line 485.
LaTeX Info: Redefining \cdots on input line 606.
\Mathstrutbox@=\box55
\strutbox@=\box56
\big@size=\dimen186
LaTeX Font Info:    Redeclaring font encoding OML on input line 729.
LaTeX Font Info:    Redeclaring font encoding OMS on input line 730.
\macc@depth=\count291
\c@MaxMatrixCols=\count292
\dotsspace@=\muskip17
\c@parentequation=\count293
\dspbrk@lvl=\count294
\tag@help=\toks26
\row@=\count295
\column@=\count296
\maxfields@=\count297
\andhelp@=\toks27
\eqnshift@=\dimen187
\alignsep@=\dimen188
\tagshift@=\dimen189
\tagwidth@=\dimen190
\totwidth@=\dimen191
\lineht@=\dimen192
\@envbody=\toks28
\multlinegap=\skip63
\multlinetaggap=\skip64
\mathdisplay@stack=\toks29
LaTeX Info: Redefining \[ on input line 2844.
LaTeX Info: Redefining \] on input line 2845.
) (/usr/local/texlive/2019/texmf-dist/tex/latex/amsfonts/amssymb.sty
Package: amssymb 2013/01/14 v3.01 AMS font symbols
 (/usr/local/texlive/2019/texmf-dist/tex/latex/amsfonts/amsfonts.sty
Package: amsfonts 2013/01/14 v3.01 Basic AMSFonts support
\symAMSa=\mathgroup5
\symAMSb=\mathgroup6
LaTeX Font Info:    Overwriting math alphabet `\mathfrak' in version `bold'
(Font)                  U/euf/m/n --> U/euf/b/n on input line 106.
)) (/usr/local/texlive/2019/texmf-dist/tex/latex/tools/bm.sty
Package: bm 2017/01/16 v1.2c Bold Symbol Support (DPC/FMi)
\symboldoperators=\mathgroup7
\symboldletters=\mathgroup8
\symboldsymbols=\mathgroup9
LaTeX Font Info:    Redeclaring math alphabet \mathbf on input line 141.
LaTeX Info: Redefining \bm on input line 207.
) (/usr/local/texlive/2019/texmf-dist/tex/latex/fancyhdr/fancyhdr.sty
Package: fancyhdr 2019/01/31 v3.10 Extensive control of page headers and footers
\f@nch@headwidth=\skip65
\f@nch@O@elh=\skip66
\f@nch@O@erh=\skip67
\f@nch@O@olh=\skip68
\f@nch@O@orh=\skip69
\f@nch@O@elf=\skip70
\f@nch@O@erf=\skip71
\f@nch@O@olf=\skip72
\f@nch@O@orf=\skip73
) (/usr/local/texlive/2019/texmf-dist/tex/latex/listings/listings.sty
\lst@mode=\count298
\lst@gtempboxa=\box57
\lst@token=\toks30
\lst@length=\count299
\lst@currlwidth=\dimen193
\lst@column=\count300
\lst@pos=\count301
\lst@lostspace=\dimen194
\lst@width=\dimen195
\lst@newlines=\count302
\lst@lineno=\count303
\lst@maxwidth=\dimen196
 (/usr/local/texlive/2019/texmf-dist/tex/latex/listings/lstmisc.sty
File: lstmisc.sty 2019/02/27 1.8b (Carsten Heinz)
\c@lstnumber=\count304
\lst@skipnumbers=\count305
\lst@framebox=\box58
) (/usr/local/texlive/2019/texmf-dist/tex/latex/listings/listings.cfg
File: listings.cfg 2019/02/27 1.8b listings configuration
))
Package: listings 2019/02/27 1.8b (Carsten Heinz)
 (/usr/local/texlive/2019/texmf-dist/tex/latex/base/makeidx.sty
Package: makeidx 2014/09/29 v1.0m Standard LaTeX package
)
\@indexfile=\write3
\openout3 = `main.idx'.


Writing index file main.idx
(/usr/local/texlive/2019/texmf-dist/tex/latex/graphics/graphicx.sty
Package: graphicx 2017/06/01 v1.1a Enhanced LaTeX Graphics (DPC,SPQR)
 (/usr/local/texlive/2019/texmf-dist/tex/latex/graphics/graphics.sty
Package: graphics 2017/06/25 v1.2c Standard LaTeX Graphics (DPC,SPQR)
 (/usr/local/texlive/2019/texmf-dist/tex/latex/graphics/trig.sty
Package: trig 2016/01/03 v1.10 sin cos tan (DPC)
) (/usr/local/texlive/2019/texmf-dist/tex/latex/graphics-cfg/graphics.cfg
File: graphics.cfg 2016/06/04 v1.11 sample graphics configuration
)
Package graphics Info: Driver file: xetex.def on input line 99.
 (/usr/local/texlive/2019/texmf-dist/tex/latex/graphics-def/xetex.def
File: xetex.def 2017/06/24 v5.0h Graphics/color driver for xetex
))
\Gin@req@height=\dimen197
\Gin@req@width=\dimen198
) (/usr/local/texlive/2019/texmf-dist/tex/latex/xcolor/xcolor.sty
Package: xcolor 2016/05/11 v2.12 LaTeX color extensions (UK)
 (/usr/local/texlive/2019/texmf-dist/tex/latex/graphics-cfg/color.cfg
File: color.cfg 2016/01/02 v1.6 sample color configuration
)
Package xcolor Info: Driver file: xetex.def on input line 225.
Package xcolor Info: Model `cmy' substituted by `cmy0' on input line 1348.
Package xcolor Info: Model `RGB' extended on input line 1364.
Package xcolor Info: Model `HTML' substituted by `rgb' on input line 1366.
Package xcolor Info: Model `Hsb' substituted by `hsb' on input line 1367.
Package xcolor Info: Model `tHsb' substituted by `hsb' on input line 1368.
Package xcolor Info: Model `HSB' substituted by `hsb' on input line 1369.
Package xcolor Info: Model `Gray' substituted by `gray' on input line 1370.
Package xcolor Info: Model `wave' substituted by `hsb' on input line 1371.
) (/usr/local/texlive/2019/texmf-dist/tex/latex/subfigure/subfigure.sty
Package: subfigure 2002/03/15 v2.1.5 subfigure package
\subfigtopskip=\skip74
\subfigcapskip=\skip75
\subfigcaptopadj=\dimen199
\subfigbottomskip=\skip76
\subfigcapmargin=\dimen256
\subfiglabelskip=\skip77
\c@subfigure=\count306
\c@lofdepth=\count307
\c@subtable=\count308
\c@lotdepth=\count309

****************************************
* Local config file subfigure.cfg used *
****************************************
(/usr/local/texlive/2019/texmf-dist/tex/latex/subfigure/subfigure.cfg)
\subfig@top=\skip78
\subfig@bottom=\skip79
) (/usr/local/texlive/2019/texmf-dist/tex/latex/pgf/frontendlayer/tikz.sty (/usr/local/texlive/2019/texmf-dist/tex/latex/pgf/basiclayer/pgf.sty (/usr/local/texlive/2019/texmf-dist/tex/latex/pgf/utilities/pgfrcs.sty (/usr/local/texlive/2019/texmf-dist/tex/generic/pgf/utilities/pgfutil-common.tex
\pgfutil@everybye=\toks31
\pgfutil@tempdima=\dimen257
\pgfutil@tempdimb=\dimen258
 (/usr/local/texlive/2019/texmf-dist/tex/generic/pgf/utilities/pgfutil-common-lists.tex)) (/usr/local/texlive/2019/texmf-dist/tex/generic/pgf/utilities/pgfutil-latex.def
\pgfutil@abb=\box59
 (/usr/local/texlive/2019/texmf-dist/tex/latex/ms/everyshi.sty
Package: everyshi 2001/05/15 v3.00 EveryShipout Package (MS)
)) (/usr/local/texlive/2019/texmf-dist/tex/generic/pgf/utilities/pgfrcs.code.tex (/usr/local/texlive/2019/texmf-dist/tex/generic/pgf/pgf.revision.tex)
Package: pgfrcs 2019/02/02 v3.1.1 (3.1.1)
))
Package: pgf 2019/02/02 v3.1.1 (3.1.1)
 (/usr/local/texlive/2019/texmf-dist/tex/latex/pgf/basiclayer/pgfcore.sty (/usr/local/texlive/2019/texmf-dist/tex/latex/pgf/systemlayer/pgfsys.sty (/usr/local/texlive/2019/texmf-dist/tex/generic/pgf/systemlayer/pgfsys.code.tex
Package: pgfsys 2019/02/02 v3.1.1 (3.1.1)
 (/usr/local/texlive/2019/texmf-dist/tex/generic/pgf/utilities/pgfkeys.code.tex
\pgfkeys@pathtoks=\toks32
\pgfkeys@temptoks=\toks33
 (/usr/local/texlive/2019/texmf-dist/tex/generic/pgf/utilities/pgfkeysfiltered.code.tex
\pgfkeys@tmptoks=\toks34
))
\pgf@x=\dimen259
\pgf@y=\dimen260
\pgf@xa=\dimen261
\pgf@ya=\dimen262
\pgf@xb=\dimen263
\pgf@yb=\dimen264
\pgf@xc=\dimen265
\pgf@yc=\dimen266
\w@pgf@writea=\write4
\r@pgf@reada=\read2
\c@pgf@counta=\count310
\c@pgf@countb=\count311
\c@pgf@countc=\count312
\c@pgf@countd=\count313
\t@pgf@toka=\toks35
\t@pgf@tokb=\toks36
\t@pgf@tokc=\toks37
\pgf@sys@id@count=\count314
 (/usr/local/texlive/2019/texmf-dist/tex/generic/pgf/systemlayer/pgf.cfg
File: pgf.cfg 2019/02/02 v3.1.1 (3.1.1)
)
Driver file for pgf: pgfsys-xetex.def
 (/usr/local/texlive/2019/texmf-dist/tex/generic/pgf/systemlayer/pgfsys-xetex.def
File: pgfsys-xetex.def 2019/02/02 v3.1.1 (3.1.1)
 (/usr/local/texlive/2019/texmf-dist/tex/generic/pgf/systemlayer/pgfsys-dvipdfmx.def
File: pgfsys-dvipdfmx.def 2019/02/02 v3.1.1 (3.1.1)
 (/usr/local/texlive/2019/texmf-dist/tex/generic/pgf/systemlayer/pgfsys-common-pdf.def
File: pgfsys-common-pdf.def 2019/02/02 v3.1.1 (3.1.1)
)
\pgfsys@objnum=\count315
))) (/usr/local/texlive/2019/texmf-dist/tex/generic/pgf/systemlayer/pgfsyssoftpath.code.tex
File: pgfsyssoftpath.code.tex 2019/02/02 v3.1.1 (3.1.1)
\pgfsyssoftpath@smallbuffer@items=\count316
\pgfsyssoftpath@bigbuffer@items=\count317
) (/usr/local/texlive/2019/texmf-dist/tex/generic/pgf/systemlayer/pgfsysprotocol.code.tex
File: pgfsysprotocol.code.tex 2019/02/02 v3.1.1 (3.1.1)
)) (/usr/local/texlive/2019/texmf-dist/tex/generic/pgf/basiclayer/pgfcore.code.tex
Package: pgfcore 2019/02/02 v3.1.1 (3.1.1)
 (/usr/local/texlive/2019/texmf-dist/tex/generic/pgf/math/pgfmath.code.tex (/usr/local/texlive/2019/texmf-dist/tex/generic/pgf/math/pgfmathcalc.code.tex (/usr/local/texlive/2019/texmf-dist/tex/generic/pgf/math/pgfmathutil.code.tex) (/usr/local/texlive/2019/texmf-dist/tex/generic/pgf/math/pgfmathparser.code.tex
\pgfmath@dimen=\dimen267
\pgfmath@count=\count318
\pgfmath@box=\box60
\pgfmath@toks=\toks38
\pgfmath@stack@operand=\toks39
\pgfmath@stack@operation=\toks40
) (/usr/local/texlive/2019/texmf-dist/tex/generic/pgf/math/pgfmathfunctions.code.tex (/usr/local/texlive/2019/texmf-dist/tex/generic/pgf/math/pgfmathfunctions.basic.code.tex) (/usr/local/texlive/2019/texmf-dist/tex/generic/pgf/math/pgfmathfunctions.trigonometric.code.tex) (/usr/local/texlive/2019/texmf-dist/tex/generic/pgf/math/pgfmathfunctions.random.code.tex) (/usr/local/texlive/2019/texmf-dist/tex/generic/pgf/math/pgfmathfunctions.comparison.code.tex) (/usr/local/texlive/2019/texmf-dist/tex/generic/pgf/math/pgfmathfunctions.base.code.tex) (/usr/local/texlive/2019/texmf-dist/tex/generic/pgf/math/pgfmathfunctions.round.code.tex) (/usr/local/texlive/2019/texmf-dist/tex/generic/pgf/math/pgfmathfunctions.misc.code.tex) (/usr/local/texlive/2019/texmf-dist/tex/generic/pgf/math/pgfmathfunctions.integerarithmetics.code.tex))) (/usr/local/texlive/2019/texmf-dist/tex/generic/pgf/math/pgfmathfloat.code.tex
\c@pgfmathroundto@lastzeros=\count319
)) (/usr/local/texlive/2019/texmf-dist/tex/generic/pgf/basiclayer/pgfcorepoints.code.tex
File: pgfcorepoints.code.tex 2019/02/02 v3.1.1 (3.1.1)
\pgf@picminx=\dimen268
\pgf@picmaxx=\dimen269
\pgf@picminy=\dimen270
\pgf@picmaxy=\dimen271
\pgf@pathminx=\dimen272
\pgf@pathmaxx=\dimen273
\pgf@pathminy=\dimen274
\pgf@pathmaxy=\dimen275
\pgf@xx=\dimen276
\pgf@xy=\dimen277
\pgf@yx=\dimen278
\pgf@yy=\dimen279
\pgf@zx=\dimen280
\pgf@zy=\dimen281
) (/usr/local/texlive/2019/texmf-dist/tex/generic/pgf/basiclayer/pgfcorepathconstruct.code.tex
File: pgfcorepathconstruct.code.tex 2019/02/02 v3.1.1 (3.1.1)
\pgf@path@lastx=\dimen282
\pgf@path@lasty=\dimen283
) (/usr/local/texlive/2019/texmf-dist/tex/generic/pgf/basiclayer/pgfcorepathusage.code.tex
File: pgfcorepathusage.code.tex 2019/02/02 v3.1.1 (3.1.1)
\pgf@shorten@end@additional=\dimen284
\pgf@shorten@start@additional=\dimen285
) (/usr/local/texlive/2019/texmf-dist/tex/generic/pgf/basiclayer/pgfcorescopes.code.tex
File: pgfcorescopes.code.tex 2019/02/02 v3.1.1 (3.1.1)
\pgfpic=\box61
\pgf@hbox=\box62
\pgf@layerbox@main=\box63
\pgf@picture@serial@count=\count320
) (/usr/local/texlive/2019/texmf-dist/tex/generic/pgf/basiclayer/pgfcoregraphicstate.code.tex
File: pgfcoregraphicstate.code.tex 2019/02/02 v3.1.1 (3.1.1)
\pgflinewidth=\dimen286
) (/usr/local/texlive/2019/texmf-dist/tex/generic/pgf/basiclayer/pgfcoretransformations.code.tex
File: pgfcoretransformations.code.tex 2019/02/02 v3.1.1 (3.1.1)
\pgf@pt@x=\dimen287
\pgf@pt@y=\dimen288
\pgf@pt@temp=\dimen289
) (/usr/local/texlive/2019/texmf-dist/tex/generic/pgf/basiclayer/pgfcorequick.code.tex
File: pgfcorequick.code.tex 2019/02/02 v3.1.1 (3.1.1)
) (/usr/local/texlive/2019/texmf-dist/tex/generic/pgf/basiclayer/pgfcoreobjects.code.tex
File: pgfcoreobjects.code.tex 2019/02/02 v3.1.1 (3.1.1)
) (/usr/local/texlive/2019/texmf-dist/tex/generic/pgf/basiclayer/pgfcorepathprocessing.code.tex
File: pgfcorepathprocessing.code.tex 2019/02/02 v3.1.1 (3.1.1)
) (/usr/local/texlive/2019/texmf-dist/tex/generic/pgf/basiclayer/pgfcorearrows.code.tex
File: pgfcorearrows.code.tex 2019/02/02 v3.1.1 (3.1.1)
\pgfarrowsep=\dimen290
) (/usr/local/texlive/2019/texmf-dist/tex/generic/pgf/basiclayer/pgfcoreshade.code.tex
File: pgfcoreshade.code.tex 2019/02/02 v3.1.1 (3.1.1)
\pgf@max=\dimen291
\pgf@sys@shading@range@num=\count321
) (/usr/local/texlive/2019/texmf-dist/tex/generic/pgf/basiclayer/pgfcoreimage.code.tex
File: pgfcoreimage.code.tex 2019/02/02 v3.1.1 (3.1.1)
 (/usr/local/texlive/2019/texmf-dist/tex/generic/pgf/basiclayer/pgfcoreexternal.code.tex
File: pgfcoreexternal.code.tex 2019/02/02 v3.1.1 (3.1.1)
\pgfexternal@startupbox=\box64
)) (/usr/local/texlive/2019/texmf-dist/tex/generic/pgf/basiclayer/pgfcorelayers.code.tex
File: pgfcorelayers.code.tex 2019/02/02 v3.1.1 (3.1.1)
) (/usr/local/texlive/2019/texmf-dist/tex/generic/pgf/basiclayer/pgfcoretransparency.code.tex
File: pgfcoretransparency.code.tex 2019/02/02 v3.1.1 (3.1.1)
) (/usr/local/texlive/2019/texmf-dist/tex/generic/pgf/basiclayer/pgfcorepatterns.code.tex
File: pgfcorepatterns.code.tex 2019/02/02 v3.1.1 (3.1.1)
) (/usr/local/texlive/2019/texmf-dist/tex/generic/pgf/basiclayer/pgfcorerdf.code.tex
File: pgfcorerdf.code.tex 2019/02/02 v3.1.1 (3.1.1)
))) (/usr/local/texlive/2019/texmf-dist/tex/generic/pgf/modules/pgfmoduleshapes.code.tex
File: pgfmoduleshapes.code.tex 2019/02/02 v3.1.1 (3.1.1)
\pgfnodeparttextbox=\box65
) (/usr/local/texlive/2019/texmf-dist/tex/generic/pgf/modules/pgfmoduleplot.code.tex
File: pgfmoduleplot.code.tex 2019/02/02 v3.1.1 (3.1.1)
) (/usr/local/texlive/2019/texmf-dist/tex/latex/pgf/compatibility/pgfcomp-version-0-65.sty
Package: pgfcomp-version-0-65 2019/02/02 v3.1.1 (3.1.1)
\pgf@nodesepstart=\dimen292
\pgf@nodesepend=\dimen293
) (/usr/local/texlive/2019/texmf-dist/tex/latex/pgf/compatibility/pgfcomp-version-1-18.sty
Package: pgfcomp-version-1-18 2019/02/02 v3.1.1 (3.1.1)
)) (/usr/local/texlive/2019/texmf-dist/tex/latex/pgf/utilities/pgffor.sty (/usr/local/texlive/2019/texmf-dist/tex/latex/pgf/utilities/pgfkeys.sty (/usr/local/texlive/2019/texmf-dist/tex/generic/pgf/utilities/pgfkeys.code.tex)) (/usr/local/texlive/2019/texmf-dist/tex/latex/pgf/math/pgfmath.sty (/usr/local/texlive/2019/texmf-dist/tex/generic/pgf/math/pgfmath.code.tex)) (/usr/local/texlive/2019/texmf-dist/tex/generic/pgf/utilities/pgffor.code.tex
Package: pgffor 2019/02/02 v3.1.1 (3.1.1)
 (/usr/local/texlive/2019/texmf-dist/tex/generic/pgf/math/pgfmath.code.tex)
\pgffor@iter=\dimen294
\pgffor@skip=\dimen295
\pgffor@stack=\toks41
\pgffor@toks=\toks42
)) (/usr/local/texlive/2019/texmf-dist/tex/generic/pgf/frontendlayer/tikz/tikz.code.tex
Package: tikz 2019/02/02 v3.1.1 (3.1.1)
 (/usr/local/texlive/2019/texmf-dist/tex/generic/pgf/libraries/pgflibraryplothandlers.code.tex
File: pgflibraryplothandlers.code.tex 2019/02/02 v3.1.1 (3.1.1)
\pgf@plot@mark@count=\count322
\pgfplotmarksize=\dimen296
)
\tikz@lastx=\dimen297
\tikz@lasty=\dimen298
\tikz@lastxsaved=\dimen299
\tikz@lastysaved=\dimen300
\tikzleveldistance=\dimen301
\tikzsiblingdistance=\dimen302
\tikz@figbox=\box66
\tikz@figbox@bg=\box67
\tikz@tempbox=\box68
\tikz@tempbox@bg=\box69
\tikztreelevel=\count323
\tikznumberofchildren=\count324
\tikznumberofcurrentchild=\count325
\tikz@fig@count=\count326
 (/usr/local/texlive/2019/texmf-dist/tex/generic/pgf/modules/pgfmodulematrix.code.tex
File: pgfmodulematrix.code.tex 2019/02/02 v3.1.1 (3.1.1)
\pgfmatrixcurrentrow=\count327
\pgfmatrixcurrentcolumn=\count328
\pgf@matrix@numberofcolumns=\count329
)
\tikz@expandcount=\count330
 (/usr/local/texlive/2019/texmf-dist/tex/generic/pgf/frontendlayer/tikz/libraries/tikzlibrarytopaths.code.tex
File: tikzlibrarytopaths.code.tex 2019/02/02 v3.1.1 (3.1.1)
))) (/usr/local/texlive/2019/texmf-dist/tex/generic/pgf/frontendlayer/tikz/libraries/tikzlibraryarrows.code.tex
File: tikzlibraryarrows.code.tex 2019/02/02 v3.1.1 (3.1.1)
 (/usr/local/texlive/2019/texmf-dist/tex/generic/pgf/libraries/pgflibraryarrows.code.tex
File: pgflibraryarrows.code.tex 2019/02/02 v3.1.1 (3.1.1)
\arrowsize=\dimen303
)) (/usr/local/texlive/2019/texmf-dist/tex/generic/pgf/frontendlayer/tikz/libraries/tikzlibrarybackgrounds.code.tex
File: tikzlibrarybackgrounds.code.tex 2019/02/02 v3.1.1 (3.1.1)
\pgf@layerbox@background=\box70
\pgf@layerboxsaved@background=\box71
) (/usr/local/texlive/2019/texmf-dist/tex/generic/pgf/frontendlayer/tikz/libraries/tikzlibraryscopes.code.tex
File: tikzlibraryscopes.code.tex 2019/02/02 v3.1.1 (3.1.1)
) (/usr/local/texlive/2019/texmf-dist/tex/generic/pgf/frontendlayer/tikz/libraries/tikzlibraryplotmarks.code.tex
File: tikzlibraryplotmarks.code.tex 2019/02/02 v3.1.1 (3.1.1)
 (/usr/local/texlive/2019/texmf-dist/tex/generic/pgf/libraries/pgflibraryplotmarks.code.tex
File: pgflibraryplotmarks.code.tex 2019/02/02 v3.1.1 (3.1.1)
)) (/usr/local/texlive/2019/texmf-dist/tex/latex/mathtools/mathtools.sty
Package: mathtools 2018/01/08 v1.21 mathematical typesetting tools
 (/usr/local/texlive/2019/texmf-dist/tex/latex/tools/calc.sty
Package: calc 2017/05/25 v4.3 Infix arithmetic (KKT,FJ)
\calc@Acount=\count331
\calc@Bcount=\count332
\calc@Adimen=\dimen304
\calc@Bdimen=\dimen305
\calc@Askip=\skip80
\calc@Bskip=\skip81
LaTeX Info: Redefining \setlength on input line 80.
LaTeX Info: Redefining \addtolength on input line 81.
\calc@Ccount=\count333
\calc@Cskip=\skip82
) (/usr/local/texlive/2019/texmf-dist/tex/latex/mathtools/mhsetup.sty
Package: mhsetup 2017/03/31 v1.3 programming setup (MH)
)
LaTeX Info: Thecontrolsequence`\('isalreadyrobust on input line 129.
LaTeX Info: Thecontrolsequence`\)'isalreadyrobust on input line 129.
LaTeX Info: Thecontrolsequence`\['isalreadyrobust on input line 129.
LaTeX Info: Thecontrolsequence`\]'isalreadyrobust on input line 129.
\g_MT_multlinerow_int=\count334
\l_MT_multwidth_dim=\dimen306
\origjot=\skip83
\l_MT_shortvdotswithinadjustabove_dim=\dimen307
\l_MT_shortvdotswithinadjustbelow_dim=\dimen308
\l_MT_above_intertext_sep=\dimen309
\l_MT_below_intertext_sep=\dimen310
\l_MT_above_shortintertext_sep=\dimen311
\l_MT_below_shortintertext_sep=\dimen312
) (/usr/local/texlive/2019/texmf-dist/tex/latex/tensor/tensor.sty
Package: tensor 2004/12/20 v2.1 tensor indices package (PGR)
\tnsr@Sps=\toks43
\tnsr@Sbs=\toks44
\tnsr@Spe=\toks45
\tnsr@Sbe=\toks46
\ncld@Mno=\toks47
) (/usr/local/texlive/2019/texmf-dist/tex/latex/wallpaper/wallpaper.sty
Package: wallpaper 2005/01/18, v1.01 easy wallpaper formatting (MHFW)
 (/usr/local/texlive/2019/texmf-dist/tex/latex/base/ifthen.sty
Package: ifthen 2014/09/29 v1.1c Standard LaTeX ifthen package (DPC)
) (/usr/local/texlive/2019/texmf-dist/tex/latex/eso-pic/eso-pic.sty
Package: eso-pic 2018/04/12 v2.0h eso-pic (RN)
 (/usr/local/texlive/2019/texmf-dist/tex/generic/oberdiek/atbegshi.sty
Package: atbegshi 2016/06/09 v1.18 At begin shipout hook (HO)
 (/usr/local/texlive/2019/texmf-dist/tex/generic/oberdiek/infwarerr.sty
Package: infwarerr 2016/05/16 v1.4 Providing info/warning/error messages (HO)
) (/usr/local/texlive/2019/texmf-dist/tex/generic/oberdiek/ltxcmds.sty
Package: ltxcmds 2016/05/16 v1.23 LaTeX kernel commands for general use (HO)
)))
\wpXoffset=\skip84
\wpYoffset=\skip85
\tileXoffset=\skip86
\tileYoffset=\skip87
\tilewidth=\skip88
\tileheight=\skip89
\tileX=\skip90
\tileY=\skip91
) (/usr/local/texlive/2019/texmf-dist/tex/latex/natbib/natbib.sty
Package: natbib 2010/09/13 8.31b (PWD, AO)
\bibhang=\skip92
\bibsep=\skip93
LaTeX Info: Redefining \cite on input line 694.
\c@NAT@ctr=\count335
) (/usr/local/texlive/2019/texmf-dist/tex/latex/hyperref/hyperref.sty
Package: hyperref 2018/11/30 v6.88e Hypertext links for LaTeX
 (/usr/local/texlive/2019/texmf-dist/tex/generic/oberdiek/hobsub-hyperref.sty
Package: hobsub-hyperref 2016/05/16 v1.14 Bundle oberdiek, subset hyperref (HO)
 (/usr/local/texlive/2019/texmf-dist/tex/generic/oberdiek/hobsub-generic.sty
Package: hobsub-generic 2016/05/16 v1.14 Bundle oberdiek, subset generic (HO)
Package: hobsub 2016/05/16 v1.14 Construct package bundles (HO)
Package hobsub Info: Skipping package `infwarerr' (already loaded).
Package hobsub Info: Skipping package `ltxcmds' (already loaded).
Package: ifluatex 2016/05/16 v1.4 Provides the ifluatex switch (HO)
Package ifluatex Info: LuaTeX not detected.
Package hobsub Info: Skipping package `ifvtex' (already loaded).
Package: intcalc 2016/05/16 v1.2 Expandable calculations with integers (HO)
Package hobsub Info: Skipping package `ifpdf' (already loaded).
Package: etexcmds 2016/05/16 v1.6 Avoid name clashes with e-TeX commands (HO)
Package: kvsetkeys 2016/05/16 v1.17 Key value parser (HO)
Package: kvdefinekeys 2016/05/16 v1.4 Define keys (HO)
Package: pdftexcmds 2018/09/10 v0.29 Utility functions of pdfTeX for LuaTeX (HO)
Package pdftexcmds Info: LuaTeX not detected.
Package pdftexcmds Info: pdfTeX >= 1.30 not detected.
Package pdftexcmds Info: \pdf@primitive is available.
Package pdftexcmds Info: \pdf@ifprimitive is available.
Package pdftexcmds Info: \pdfdraftmode not found.
Package: pdfescape 2016/05/16 v1.14 Implements pdfTeX's escape features (HO)
Package: bigintcalc 2016/05/16 v1.4 Expandable calculations on big integers (HO)
Package: bitset 2016/05/16 v1.2 Handle bit-vector datatype (HO)
Package: uniquecounter 2016/05/16 v1.3 Provide unlimited unique counter (HO)
)
Package hobsub Info: Skipping package `hobsub' (already loaded).
Package: letltxmacro 2016/05/16 v1.5 Let assignment for LaTeX macros (HO)
Package: hopatch 2016/05/16 v1.3 Wrapper for package hooks (HO)
Package: xcolor-patch 2016/05/16 xcolor patch
Package: atveryend 2016/05/16 v1.9 Hooks at the very end of document (HO)
Package atveryend Info: \enddocument detected (standard20110627).
Package hobsub Info: Skipping package `atbegshi' (already loaded).
Package: refcount 2016/05/16 v3.5 Data extraction from label references (HO)
Package: hycolor 2016/05/16 v1.8 Color options for hyperref/bookmark (HO)
) (/usr/local/texlive/2019/texmf-dist/tex/latex/oberdiek/auxhook.sty
Package: auxhook 2016/05/16 v1.4 Hooks for auxiliary files (HO)
) (/usr/local/texlive/2019/texmf-dist/tex/latex/oberdiek/kvoptions.sty
Package: kvoptions 2016/05/16 v3.12 Key value format for package options (HO)
)
\@linkdim=\dimen313
\Hy@linkcounter=\count336
\Hy@pagecounter=\count337
 (/usr/local/texlive/2019/texmf-dist/tex/latex/hyperref/pd1enc.def
File: pd1enc.def 2018/11/30 v6.88e Hyperref: PDFDocEncoding definition (HO)
)
\Hy@SavedSpaceFactor=\count338
 (/usr/local/texlive/2019/texmf-dist/tex/latex/latexconfig/hyperref.cfg
File: hyperref.cfg 2002/06/06 v1.2 hyperref configuration of TeXLive
)
Package hyperref Info: Option `unicode' set `true' on input line 4393.
 (/usr/local/texlive/2019/texmf-dist/tex/latex/hyperref/puenc.def
File: puenc.def 2018/11/30 v6.88e Hyperref: PDF Unicode definition (HO)
)
Package hyperref Info: Hyper figures OFF on input line 4519.
Package hyperref Info: Link nesting OFF on input line 4524.
Package hyperref Info: Hyper index ON on input line 4527.
Package hyperref Info: Plain pages OFF on input line 4534.
Package hyperref Info: Backreferencing ON on input line 4537.
Package hyperref Info: Implicit mode ON; LaTeX internals redefined.
Package hyperref Info: Bookmarks ON on input line 4772.
 (/usr/local/texlive/2019/texmf-dist/tex/latex/hyperref/backref.sty
Package: backref 2016/05/21 v1.39 Bibliographical back referencing
 (/usr/local/texlive/2019/texmf-dist/tex/latex/oberdiek/rerunfilecheck.sty
Package: rerunfilecheck 2016/05/16 v1.8 Rerun checks for auxiliary files (HO)
Package uniquecounter Info: New unique counter `rerunfilecheck' on input line 282.
))
\c@Hy@tempcnt=\count339
 (/usr/local/texlive/2019/texmf-dist/tex/latex/url/url.sty
\Urlmuskip=\muskip18
Package: url 2013/09/16  ver 3.4  Verb mode for urls, etc.
)
LaTeX Info: Redefining \url on input line 5125.
\XeTeXLinkMargin=\dimen314
\Fld@menulength=\count340
\Field@Width=\dimen315
\Fld@charsize=\dimen316
Package hyperref Info: Hyper figures OFF on input line 6380.
Package hyperref Info: Link nesting OFF on input line 6385.
Package hyperref Info: Hyper index ON on input line 6388.
Package hyperref Info: backreferencing ON on input line 6393.
Package hyperref Info: Link coloring OFF on input line 6400.
Package hyperref Info: Link coloring with OCG OFF on input line 6405.
Package hyperref Info: PDF/A mode OFF on input line 6410.
LaTeX Info: Redefining \ref on input line 6450.
LaTeX Info: Redefining \pageref on input line 6454.
\Hy@abspage=\count341
\c@Item=\count342
\c@Hfootnote=\count343
)
Package hyperref Info: Driver: hxetex.
 (/usr/local/texlive/2019/texmf-dist/tex/latex/hyperref/hxetex.def
File: hxetex.def 2018/11/30 v6.88e Hyperref driver for XeTeX
 (/usr/local/texlive/2019/texmf-dist/tex/generic/oberdiek/stringenc.sty
Package: stringenc 2016/05/16 v1.11 Convert strings between diff. encodings (HO)
)
\pdfm@box=\box72
\c@Hy@AnnotLevel=\count344
\HyField@AnnotCount=\count345
\Fld@listcount=\count346
\c@bookmark@seq@number=\count347
\Hy@SectionHShift=\skip94
)
Package hyperref Info: Option `CJKbookmarks' set `true' on input line 97.
Package hyperref Info: Option `colorlinks' set `true' on input line 97.
Package hyperref Info: Option `bookmarksnumbered' set `true' on input line 97.
Package hyperref Info: Option `bookmarksopen' set `true' on input line 97.
Package hyperref Info: Option `breaklinks' set `true' on input line 97.
 (/usr/local/texlive/2019/texmf-dist/tex/latex/caption/caption.sty
Package: caption 2018/10/06 v3.3-154 Customizing captions (AR)
 (/usr/local/texlive/2019/texmf-dist/tex/latex/caption/caption3.sty
Package: caption3 2018/09/12 v1.8c caption3 kernel (AR)
Package caption3 Info: TeX engine: e-TeX on input line 64.
\captionmargin=\dimen317
\captionmargin@=\dimen318
\captionwidth=\dimen319
\caption@tempdima=\dimen320
\caption@indent=\dimen321
\caption@parindent=\dimen322
\caption@hangindent=\dimen323
)
\c@caption@flags=\count348
\c@ContinuedFloat=\count349
Package caption Info: hyperref package is loaded.
Package caption Info: listings package is loaded.
Package caption Info: subfigure package is loaded.
)
Package caption Info: We need package `newfloat' on input line 110.
 (/usr/local/texlive/2019/texmf-dist/tex/latex/caption/newfloat.sty
Package: newfloat 2018/03/04 v1.1a Defining new floating environments (AR)
Package newfloat Info: Unsupported document class, or \@chapter 
(newfloat)             was already redefined by another package.
Package newfloat Info: \@chapter = macro:[#1]#2->\ifnum \c@secnumdepth >\m@ne \if@mainmatter \ifodd \CTEX@chapter@numbering \CTEX@ifnametrue \refstepcounter {chapter}\typeout {\CTEXthechapter }\else \CTEX@ifnamefalse \CTEX@makeanchor {\Hy@chapapp *}\fi \else \CTEX@ifnamefalse \CTEX@makeanchor@chapter {\Hy@chapapp *}\fi \else \CTEX@ifnamefalse \CTEX@makeanchor@chapter {\Hy@chapapp *}\fi \CTEX@addtocline {chapter}{#1}\chaptermark {#1}\CTEX@addloflotskip {chapter}\if@twocolumn \@topnewpage [\@makechapterhead {#2}]\else \@makechapterhead {#2}\@afterheading \fi .
Package newfloat Info: \Hy@org@chapter = macro:[#1]#2->\ifnum \c@secnumdepth >\m@ne \if@mainmatter \ifodd \CTEX@chapter@numbering \CTEX@ifnametrue \refstepcounter {chapter}\typeout {\CTEXthechapter }\else \CTEX@ifnamefalse \CTEX@makeanchor {\Hy@chapapp *}\fi \else \CTEX@ifnamefalse \CTEX@makeanchor@chapter {\Hy@chapapp *}\fi \else \CTEX@ifnamefalse \CTEX@makeanchor@chapter {\Hy@chapapp *}\fi \CTEX@addtocline {chapter}{#1}\chaptermark {#1}\CTEX@addloflotskip {chapter}\if@twocolumn \@topnewpage [\@makechapterhead {#2}]\else \@makechapterhead {#2}\@afterheading \fi .
Package newfloat Info: Trying Plan B...
) (/usr/local/texlive/2019/texmf-dist/tex/latex/float/float.sty
Package: float 2001/11/08 v1.3d Float enhancements (AL)
\c@float@type=\count350
\float@exts=\toks48
\float@box=\box73
\@float@everytoks=\toks49
\@floatcapt=\box74
) (/usr/local/texlive/2019/texmf-dist/tex/latex/tools/longtable.sty
Package: longtable 2014/10/28 v4.11 Multi-page Table package (DPC)+ FMi change
\LTleft=\skip95
\LTright=\skip96
\LTpre=\skip97
\LTpost=\skip98
\LTchunksize=\count351
\LTcapwidth=\dimen324
\LT@head=\box75
\LT@firsthead=\box76
\LT@foot=\box77
\LT@lastfoot=\box78
\LT@cols=\count352
\LT@rows=\count353
\c@LT@tables=\count354
\c@LT@chunks=\count355
\LT@p@ftn=\toks50
) (/usr/local/texlive/2019/texmf-dist/tex/latex/colortbl/colortbl.sty
Package: colortbl 2018/12/12 v1.0d Color table columns (DPC)
 (/usr/local/texlive/2019/texmf-dist/tex/latex/tools/array.sty
Package: array 2018/12/30 v2.4k Tabular extension package (FMi)
\col@sep=\dimen325
\ar@mcellbox=\box79
\extrarowheight=\dimen326
\NC@list=\toks51
\extratabsurround=\skip99
\backup@length=\skip100
\ar@cellbox=\box80
)
\everycr=\toks52
\minrowclearance=\skip101
) (/usr/local/texlive/2019/texmf-dist/tex/latex/booktabs/booktabs.sty
Package: booktabs 2016/04/27 v1.618033 publication quality tables
\heavyrulewidth=\dimen327
\lightrulewidth=\dimen328
\cmidrulewidth=\dimen329
\belowrulesep=\dimen330
\belowbottomsep=\dimen331
\aboverulesep=\dimen332
\abovetopsep=\dimen333
\cmidrulesep=\dimen334
\cmidrulekern=\dimen335
\defaultaddspace=\dimen336
\@cmidla=\count356
\@cmidlb=\count357
\@aboverulesep=\dimen337
\@belowrulesep=\dimen338
\@thisruleclass=\count358
\@lastruleclass=\count359
\@thisrulewidth=\dimen339
) (/usr/local/texlive/2019/texmf-dist/tex/latex/multirow/multirow.sty
Package: multirow 2019/01/01 v2.4 Span multiple rows of a table
\multirow@colwidth=\skip102
\multirow@cntb=\count360
\multirow@dima=\skip103
\bigstrutjot=\dimen340
) (/usr/local/texlive/2019/texmf-dist/tex/latex/multirow/bigdelim.sty
Package: bigdelim 2019/01/01 v2.4 Create big delimiters in tabular or array
) (/usr/local/texlive/2019/texmf-dist/tex/latex/fancyvrb/fancyvrb.sty
Package: fancyvrb 2019/01/15
 Style option: `fancyvrb' v3.2a <2019/01/15> (tvz)
\FV@CodeLineNo=\count361
\FV@InFile=\read3
\FV@TabBox=\box81
\c@FancyVerbLine=\count362
\FV@StepNumber=\count363
\FV@OutFile=\write5
) (/usr/local/texlive/2019/texmf-dist/tex/latex/mdframed/mdframed.sty
Package: mdframed 2013/07/01 1.9b: mdframed
 (/usr/local/texlive/2019/texmf-dist/tex/latex/etoolbox/etoolbox.sty
Package: etoolbox 2018/08/19 v2.5f e-TeX tools for LaTeX (JAW)
\etb@tempcnta=\count364
) (/usr/local/texlive/2019/texmf-dist/tex/latex/oberdiek/zref-abspage.sty
Package: zref-abspage 2018/11/21 v2.27 Module abspage for zref (HO)
 (/usr/local/texlive/2019/texmf-dist/tex/latex/oberdiek/zref-base.sty
Package: zref-base 2018/11/21 v2.27 Module base for zref (HO)
Package zref Info: New property list: main on input line 759.
Package zref Info: New property: default on input line 760.
Package zref Info: New property: page on input line 761.
)
\c@abspage=\count365
Package zref Info: New property: abspage on input line 62.
) (/usr/local/texlive/2019/texmf-dist/tex/latex/needspace/needspace.sty
Package: needspace 2010/09/12 v1.3d reserve vertical space
)
\mdf@templength=\skip104
\c@mdf@globalstyle@cnt=\count366
\mdf@skipabove@length=\skip105
\mdf@skipbelow@length=\skip106
\mdf@leftmargin@length=\skip107
\mdf@rightmargin@length=\skip108
\mdf@innerleftmargin@length=\skip109
\mdf@innerrightmargin@length=\skip110
\mdf@innertopmargin@length=\skip111
\mdf@innerbottommargin@length=\skip112
\mdf@splittopskip@length=\skip113
\mdf@splitbottomskip@length=\skip114
\mdf@outermargin@length=\skip115
\mdf@innermargin@length=\skip116
\mdf@linewidth@length=\skip117
\mdf@innerlinewidth@length=\skip118
\mdf@middlelinewidth@length=\skip119
\mdf@outerlinewidth@length=\skip120
\mdf@roundcorner@length=\skip121
\mdf@footenotedistance@length=\skip122
\mdf@userdefinedwidth@length=\skip123
\mdf@needspace@length=\skip124
\mdf@frametitleaboveskip@length=\skip125
\mdf@frametitlebelowskip@length=\skip126
\mdf@frametitlerulewidth@length=\skip127
\mdf@frametitleleftmargin@length=\skip128
\mdf@frametitlerightmargin@length=\skip129
\mdf@shadowsize@length=\skip130
\mdf@extratopheight@length=\skip131
\mdf@subtitleabovelinewidth@length=\skip132
\mdf@subtitlebelowlinewidth@length=\skip133
\mdf@subtitleaboveskip@length=\skip134
\mdf@subtitlebelowskip@length=\skip135
\mdf@subtitleinneraboveskip@length=\skip136
\mdf@subtitleinnerbelowskip@length=\skip137
\mdf@subsubtitleabovelinewidth@length=\skip138
\mdf@subsubtitlebelowlinewidth@length=\skip139
\mdf@subsubtitleaboveskip@length=\skip140
\mdf@subsubtitlebelowskip@length=\skip141
\mdf@subsubtitleinneraboveskip@length=\skip142
\mdf@subsubtitleinnerbelowskip@length=\skip143
 (/usr/local/texlive/2019/texmf-dist/tex/latex/mdframed/md-frame-1.mdf
File: md-frame-1.mdf 2013/07/01\ 1.9b: md-frame-1
)
\mdf@frametitlebox=\box82
\mdf@footnotebox=\box83
\mdf@splitbox@one=\box84
\mdf@splitbox@two=\box85
\mdf@splitbox@save=\box86
\mdfsplitboxwidth=\skip144
\mdfsplitboxtotalwidth=\skip145
\mdfsplitboxheight=\skip146
\mdfsplitboxdepth=\skip147
\mdfsplitboxtotalheight=\skip148
\mdfframetitleboxwidth=\skip149
\mdfframetitleboxtotalwidth=\skip150
\mdfframetitleboxheight=\skip151
\mdfframetitleboxdepth=\skip152
\mdfframetitleboxtotalheight=\skip153
\mdffootnoteboxwidth=\skip154
\mdffootnoteboxtotalwidth=\skip155
\mdffootnoteboxheight=\skip156
\mdffootnoteboxdepth=\skip157
\mdffootnoteboxtotalheight=\skip158
\mdftotallinewidth=\skip159
\mdfboundingboxwidth=\skip160
\mdfboundingboxtotalwidth=\skip161
\mdfboundingboxheight=\skip162
\mdfboundingboxdepth=\skip163
\mdfboundingboxtotalheight=\skip164
\mdf@freevspace@length=\skip165
\mdf@horizontalwidthofbox@length=\skip166
\mdf@verticalmarginwhole@length=\skip167
\mdf@horizontalspaceofbox=\skip168
\mdfsubtitleheight=\skip169
\mdfsubsubtitleheight=\skip170
\c@mdfcountframes=\count367

****** mdframed patching \endmdf@trivlist

****** -- success******

\mdf@envdepth=\count368
\c@mdf@env@i=\count369
\c@mdf@env@ii=\count370
\c@mdf@zref@counter=\count371
Package zref Info: New property: mdf@pagevalue on input line 895.
)
\c@muni=\count372
\c@exer=\count373
\c@exertmp=\count374
 (/usr/local/texlive/2019/texmf-dist/tex/latex/enumitem/enumitem.sty
Package: enumitem 2019/02/04 v3.8 Customized lists
\labelindent=\skip171
\enit@outerparindent=\dimen341
\enit@toks=\toks53
\enit@inbox=\box87
\enit@count@id=\count375
\enitdp@description=\count376
) (/usr/local/texlive/2019/texmf-dist/tex/latex/ntheorem/ntheorem.sty
Style `ntheorem', Version 1.33 <2011/08/15>
Package: ntheorem 2011/08/15 1.33
\theorem@style=\toks54
\theorem@@style=\toks55
\theorembodyfont=\toks56
\theoremnumbering=\toks57
\theorempreskipamount=\skip172
\theorempostskipamount=\skip173
\theoremframepreskipamount=\skip174
\theoremframepostskipamount=\skip175
\theoreminframepreskipamount=\skip176
\theoreminframepostskipamount=\skip177
\theorem@preskip=\toks58
\theorem@postskip=\toks59
\theorem@framepreskip=\toks60
\theorem@framepostskip=\toks61
\theorem@inframepreskip=\toks62
\theorem@inframepostskip=\toks63
\theoremindent=\dimen342
\theorem@indent=\dimen343
\theoremrightindent=\dimen344
\theorem@rightindent=\dimen345
\theoremheaderfont=\toks64
\theoremseparator=\toks65
\theoremprework=\toks66
\theorempostwork=\toks67
\theoremsymbol=\toks68
\qedsymbol=\toks69
\theoremkeyword=\toks70
\qedsymbol=\toks71
\thm@topsep=\skip178
\thm@topsepadd=\skip179
Package ntheorem Info: Option `thmmarks' loaded on input line 1175.
\c@endNonectr=\count377
\c@currNonectr=\count378
\mysavskip=\skip180
Package ntheorem Info: Option `thref' loaded on input line 1175.
\mysavskip=\skip181
Package ntheorem Info: option `amsmath' handling for `thref' loaded on input line 1175.
Package ntheorem Info: option `amsmath' handling for `thmmarks' loaded on input line 1175.
\thm@amstmpdepth=\dimen346
\tagwidth=\dimen347
)
\c@currtheoremctr=\count379
\c@endtheoremctr=\count380
\c@theorem=\count381
\c@currcorollaryctr=\count382
\c@endcorollaryctr=\count383
\c@corollary=\count384
\c@currlemmactr=\count385
\c@endlemmactr=\count386
\c@lemma=\count387
\c@currpropertyctr=\count388
\c@endpropertyctr=\count389
\c@property=\count390
\c@currdefinitionctr=\count391
\c@enddefinitionctr=\count392
\c@definition=\count393
\c@currexamplectr=\count394
\c@endexamplectr=\count395
\c@example=\count396
 (/usr/local/texlive/2019/texmf-dist/tex/latex/mathtools/empheq.sty
Package: empheq 2017/03/31 v2.15 Emphasizing equations
\l_EQ_equationtype_int=\count397
\l_EQ_alignmentmode_int=\count398
\l_EQ_totalwidth_dim=\dimen348
\l_EQ_displaywidth_dim=\dimen349
\l_EQ_temp_linewidth_dim=\dimen350
\EmphEqdelimitershortfall=\dimen351
\EmphEqdelimiterfactor=\count399
\g_EQ_toptag_height_dim=\dimen352
\g_EQ_bottomtag_depth_dim=\dimen353
\g_EQ_toprow_height_dim=\dimen354
\g_EQ_bottomrow_depth_dim=\dimen355
\g_EQ_widesttag_dim=\dimen356
\EQ_mathdisplay_box=\box88
\EQ_tag_box=\box89
\g_EQ_temprow_int=\count400
\mintagvsep=\skip182
) (/usr/local/texlive/2019/texmf-dist/tex/latex/tcolorbox/tcolorbox.sty
Package: tcolorbox 2019/03/02 version 4.20 text color boxes
 (/usr/local/texlive/2019/texmf-dist/tex/latex/tools/verbatim.sty
Package: verbatim 2014/10/28 v1.5q LaTeX2e package for verbatim enhancements
\every@verbatim=\toks72
\verbatim@line=\toks73
\verbatim@in@stream=\read4
) (/usr/local/texlive/2019/texmf-dist/tex/latex/environ/environ.sty
Package: environ 2014/05/04 v0.3 A new way to define environments
 (/usr/local/texlive/2019/texmf-dist/tex/latex/trimspaces/trimspaces.sty
Package: trimspaces 2009/09/17 v1.1 Trim spaces around a token list
))
\tcb@titlebox=\box90
\tcb@upperbox=\box91
\tcb@lowerbox=\box92
\tcb@phantombox=\box93
\c@tcbbreakpart=\count401
\c@tcblayer=\count402
\tcolorbox@number=\count403
\tcb@temp=\box94
\tcb@temp=\box95
\tcb@temp=\box96
\tcb@temp=\box97
\tcb@out=\write6
\tcb@record@out=\write7
 (/usr/local/texlive/2019/texmf-dist/tex/latex/tcolorbox/tcbraster.code.tex
Library (tcolorbox): 'tcbraster.code.tex' version '4.20'
\c@tcbrastercolumn=\count404
\c@tcbrasterrow=\count405
\c@tcbraster=\count406
) (/usr/local/texlive/2019/texmf-dist/tex/latex/tcolorbox/tcbskins.code.tex
Library (tcolorbox): 'tcbskins.code.tex' version '4.20'
\tcb@waterbox=\box98
(/usr/local/texlive/2019/texmf-dist/tex/latex/tcolorbox/tcbskinsjigsaw.code.tex
Library (tcolorbox): 'tcbskinsjigsaw.code.tex' version '4.20'
)) (/usr/local/texlive/2019/texmf-dist/tex/latex/tcolorbox/tcbbreakable.code.tex
Library (tcolorbox): 'tcbbreakable.code.tex' version '4.20'
\tcb@testbox=\box99
\tcb@totalupperbox=\box100
\tcb@totallowerbox=\box101
) (/usr/local/texlive/2019/texmf-dist/tex/latex/tcolorbox/tcbhooks.code.tex
Library (tcolorbox): 'tcbhooks.code.tex' version '4.20'
) (/usr/local/texlive/2019/texmf-dist/tex/latex/tcolorbox/tcbtheorems.code.tex
Library (tcolorbox): 'tcbtheorems.code.tex' version '4.20'
) (/usr/local/texlive/2019/texmf-dist/tex/latex/tcolorbox/tcbfitting.code.tex
Library (tcolorbox): 'tcbfitting.code.tex' version '4.20'
\tcbfitdim=\dimen357
\tcb@lowerfitdim=\dimen358
\tcb@upperfitdim=\dimen359
\tcb@cur@hbadness=\count407
) (/usr/local/texlive/2019/texmf-dist/tex/latex/tcolorbox/tcbxparse.code.tex
Library (tcolorbox): 'tcbxparse.code.tex' version '4.20'
)) (/usr/local/texlive/2019/texmf-dist/tex/latex/algorithms/algorithm.sty
Invalid UTF-8 byte or sequence at line 11 replaced by U+FFFD.
Package: algorithm 2009/08/24 v0.1 Document Style `algorithm' - floating environment
\@float@every@algorithm=\toks74
\c@algorithm=\count408
) (/usr/local/texlive/2019/texmf-dist/tex/latex/algorithmicx/algpseudocode.sty
Package: algpseudocode 
 (/usr/local/texlive/2019/texmf-dist/tex/latex/algorithmicx/algorithmicx.sty
Package: algorithmicx 2005/04/27 v1.2 Algorithmicx

Document Style algorithmicx 1.2 - a greatly improved `algorithmic' style
\c@ALG@line=\count409
\c@ALG@rem=\count410
\c@ALG@nested=\count411
\ALG@tlm=\skip183
\ALG@thistlm=\skip184
\c@ALG@Lnr=\count412
\c@ALG@blocknr=\count413
\c@ALG@storecount=\count414
\c@ALG@tmpcounter=\count415
\ALG@tmplength=\skip185
)
Document Style - pseudocode environments for use with the `algorithmicx' style
) (/usr/local/texlive/2019/texmf-dist/tex/latex/listings/lstlang1.sty
File: lstlang1.sty 2019/02/27 1.8b listings language file
) (/usr/local/texlive/2019/texmf-dist/tex/latex/answers/answers.sty
Package: answers 2014/08/24 v2.16 Production of solution sheets in LaTeX2e
)
\c@Solution=\count416
LaTeX Font Info:    Overwriting math alphabet `\mathsfsl' in version `bold'
(Font)                  OT1/cmss/m/n --> OT1/cmss/bx/n on input line 523.
 (/usr/local/texlive/2019/texmf-dist/tex/latex/pdfpages/pdfpages.sty
Package: pdfpages 2017/10/31 v0.5l Insert pages of external PDF documents (AM)
\AM@pagewidth=\dimen360
\AM@pageheight=\dimen361
 (/usr/local/texlive/2019/texmf-dist/tex/latex/pdfpages/ppxetex.def
File: ppxetex.def 2017/10/31 v0.5l Pdfpages driver for XeTeX (AM)
)
\AM@pagebox=\box102
\AM@global@opts=\toks75
\AM@toc@title=\toks76
\c@AM@survey=\count417
\AM@templatesizebox=\box103
) (/usr/local/texlive/2019/texmf-dist/tex/xelatex/xecjk/xeCJK-listings.sty
Package: xeCJK-listings 2019/04/07 v3.7.2 xeCJK patch file for listings
\l__xeCJK_listings_max_char_int=\count418
\l__xeCJK_listings_flag_int=\count419
) (./main.aux (./chapters/ch99_reference.aux))
\openout1 = `main.aux'.

LaTeX Font Info:    Checking defaults for OML/cmm/m/it on input line 530.
LaTeX Font Info:    ... okay on input line 530.
LaTeX Font Info:    Checking defaults for T1/cmr/m/n on input line 530.
LaTeX Font Info:    ... okay on input line 530.
LaTeX Font Info:    Checking defaults for OT1/cmr/m/n on input line 530.
LaTeX Font Info:    ... okay on input line 530.
LaTeX Font Info:    Checking defaults for OMS/cmsy/m/n on input line 530.
LaTeX Font Info:    ... okay on input line 530.
LaTeX Font Info:    Checking defaults for TU/lmr/m/n on input line 530.
LaTeX Font Info:    ... okay on input line 530.
LaTeX Font Info:    Checking defaults for OMX/cmex/m/n on input line 530.
LaTeX Font Info:    ... okay on input line 530.
LaTeX Font Info:    Checking defaults for U/cmr/m/n on input line 530.
LaTeX Font Info:    ... okay on input line 530.
LaTeX Font Info:    Checking defaults for TS1/cmr/m/n on input line 530.
LaTeX Font Info:    ... okay on input line 530.
LaTeX Font Info:    Checking defaults for PD1/pdf/m/n on input line 530.
LaTeX Font Info:    ... okay on input line 530.
LaTeX Font Info:    Checking defaults for PU/pdf/m/n on input line 530.
LaTeX Font Info:    ... okay on input line 530.
 ABD: EverySelectfont initializing macros
LaTeX Info: Redefining \selectfont on input line 530.

Package fontspec Info: Adjusting the maths setup (use [no-math] to avoid
(fontspec)             this).

\symlegacymaths=\mathgroup10
LaTeX Font Info:    Overwriting symbol font `legacymaths' in version `bold'
(Font)                  OT1/cmr/m/n --> OT1/cmr/bx/n on input line 530.
LaTeX Font Info:    Redeclaring math accent \acute on input line 530.
LaTeX Font Info:    Redeclaring math accent \grave on input line 530.
LaTeX Font Info:    Redeclaring math accent \ddot on input line 530.
LaTeX Font Info:    Redeclaring math accent \tilde on input line 530.
LaTeX Font Info:    Redeclaring math accent \bar on input line 530.
LaTeX Font Info:    Redeclaring math accent \breve on input line 530.
LaTeX Font Info:    Redeclaring math accent \check on input line 530.
LaTeX Font Info:    Redeclaring math accent \hat on input line 530.
LaTeX Font Info:    Redeclaring math accent \dot on input line 530.
LaTeX Font Info:    Redeclaring math accent \mathring on input line 530.
LaTeX Font Info:    Redeclaring math symbol \Gamma on input line 530.
LaTeX Font Info:    Redeclaring math symbol \Delta on input line 530.
LaTeX Font Info:    Redeclaring math symbol \Theta on input line 530.
LaTeX Font Info:    Redeclaring math symbol \Lambda on input line 530.
LaTeX Font Info:    Redeclaring math symbol \Xi on input line 530.
LaTeX Font Info:    Redeclaring math symbol \Pi on input line 530.
LaTeX Font Info:    Redeclaring math symbol \Sigma on input line 530.
LaTeX Font Info:    Redeclaring math symbol \Upsilon on input line 530.
LaTeX Font Info:    Redeclaring math symbol \Phi on input line 530.
LaTeX Font Info:    Redeclaring math symbol \Psi on input line 530.
LaTeX Font Info:    Redeclaring math symbol \Omega on input line 530.
LaTeX Font Info:    Redeclaring math symbol \mathdollar on input line 530.
LaTeX Font Info:    Redeclaring symbol font `operators' on input line 530.
LaTeX Font Info:    Encoding `OT1' has changed to `TU' for symbol font
(Font)              `operators' in the math version `normal' on input line 530.
LaTeX Font Info:    Overwriting symbol font `operators' in version `normal'
(Font)                  OT1/cmr/m/n --> TU/CMUSerif(0)/m/n on input line 530.
LaTeX Font Info:    Encoding `OT1' has changed to `TU' for symbol font
(Font)              `operators' in the math version `bold' on input line 530.
LaTeX Font Info:    Overwriting symbol font `operators' in version `bold'
(Font)                  OT1/cmr/bx/n --> TU/CMUSerif(0)/m/n on input line 530.
LaTeX Font Info:    Overwriting symbol font `operators' in version `normal'
(Font)                  TU/CMUSerif(0)/m/n --> TU/CMUSerif(0)/m/n on input line 530.
LaTeX Font Info:    Overwriting math alphabet `\mathit' in version `normal'
(Font)                  OT1/cmr/m/it --> TU/CMUSerif(0)/m/it on input line 530.
LaTeX Font Info:    Overwriting math alphabet `\mathbf' in version `normal'
(Font)                  OT1/cmr/bx/n --> TU/CMUSerif(0)/bx/n on input line 530.
LaTeX Font Info:    Overwriting math alphabet `\mathsf' in version `normal'
(Font)                  OT1/cmss/m/n --> TU/lmss/m/n on input line 530.
LaTeX Font Info:    Overwriting math alphabet `\mathtt' in version `normal'
(Font)                  OT1/cmtt/m/n --> TU/lmtt/m/n on input line 530.
LaTeX Font Info:    Overwriting symbol font `operators' in version `bold'
(Font)                  TU/CMUSerif(0)/m/n --> TU/CMUSerif(0)/bx/n on input line 530.
LaTeX Font Info:    Overwriting math alphabet `\mathit' in version `bold'
(Font)                  OT1/cmr/bx/it --> TU/CMUSerif(0)/bx/it on input line 530.
LaTeX Font Info:    Overwriting math alphabet `\mathsf' in version `bold'
(Font)                  OT1/cmss/bx/n --> TU/lmss/bx/n on input line 530.
LaTeX Font Info:    Overwriting math alphabet `\mathtt' in version `bold'
(Font)                  OT1/cmtt/m/n --> TU/lmtt/bx/n on input line 530.

*geometry* driver: auto-detecting
*geometry* detected driver: xetex
*geometry* verbose mode - [ preamble ] result:
* driver: xetex
* paper: a4paper
* layout: <same size as paper>
* layoutoffset:(h,v)=(0.0pt,0.0pt)
* hratio: 1:1
* vratio: 1:1
* modes: twoside 
* h-part:(L,W,R)=(59.74988pt, 478.00812pt, 59.74988pt)
* v-part:(T,H,B)=(84.50339pt, 676.04005pt, 84.5034pt)
* \paperwidth=597.50787pt
* \paperheight=845.04684pt
* \textwidth=478.00812pt
* \textheight=676.04005pt
* \oddsidemargin=-12.52011pt
* \evensidemargin=-12.52011pt
* \topmargin=-19.6404pt
* \headheight=12.0pt
* \headsep=19.8738pt
* \topskip=12.0pt
* \footskip=30.0pt
* \marginparwidth=98.0pt
* \marginparsep=7.0pt
* \columnsep=10.0pt
* \skip\footins=10.8pt plus 4.0pt minus 2.0pt
* \hoffset=0.0pt
* \voffset=0.0pt
* \mag=1000
* \@twocolumnfalse
* \@twosidetrue
* \@mparswitchtrue
* \@reversemarginfalse
* (1in=72.27pt=25.4mm, 1cm=28.453pt)

\c@lstlisting=\count420
ABD: EveryShipout initializing macros
\AtBeginShipoutBox=\box104
Package backref Info: ** backref set up for natbib ** on input line 530.
Package hyperref Info: Link coloring ON on input line 530.
 (/usr/local/texlive/2019/texmf-dist/tex/latex/hyperref/nameref.sty
Package: nameref 2016/05/21 v2.44 Cross-referencing by name of section
 (/usr/local/texlive/2019/texmf-dist/tex/generic/oberdiek/gettitlestring.sty
Package: gettitlestring 2016/05/16 v1.5 Cleanup title references (HO)
)
\c@section@level=\count421
)
LaTeX Info: Redefining \ref on input line 530.
LaTeX Info: Redefining \pageref on input line 530.
LaTeX Info: Redefining \nameref on input line 530.
 (./main.out) (./main.out)
\@outlinefile=\write8
\openout8 = `main.out'.

Package caption Info: Begin \AtBeginDocument code.
Package caption Info: float package is loaded.
Package caption Info: longtable package is loaded.
 (/usr/local/texlive/2019/texmf-dist/tex/latex/caption/ltcaption.sty
Package: ltcaption 2018/08/26 v1.4-95 longtable captions (AR)
)
Package caption Info: End \AtBeginDocument code.
 (/usr/local/texlive/2019/texmf-dist/tex/latex/oberdiek/pdflscape.sty
Package: pdflscape 2016/05/14 v0.11 Display of landscape pages in PDF (HO)
 (/usr/local/texlive/2019/texmf-dist/tex/latex/graphics/lscape.sty
Package: lscape 2000/10/22 v3.01 Landscape Pages (DPC)
)
Package pdflscape Info: Auto-detected driver: dvipdfm (xetex) on input line 99.
)
File: docs/cover.pdf Graphic file (type pdf)
<use docs/cover.pdf>
File: docs/cover.pdf Graphic file (type pdf)
<use docs/cover.pdf>
File: docs/cover.pdf Graphic file (type pdf)
<use docs/cover.pdf, page 1>
File: docs/cover.pdf Graphic file (type pdf)
<use docs/cover.pdf, page 1>
File: docs/cover.pdf Graphic file (type pdf)
<use docs/cover.pdf, page 1>
File: docs/cover.pdf Graphic file (type pdf)
<use docs/cover.pdf, page 1>
File: docs/cover.pdf Graphic file (type pdf)
<use docs/cover.pdf, page 1>
 [1


]
File: figures/bupt_logo.pdf Graphic file (type pdf)
<use figures/bupt_logo.pdf>


Package Fancyhdr Warning: \headheight is too small (12.0pt): 
Make it at least 30.71147pt.
We now make it that large for the rest of the document.
This may cause the page layout to be inconsistent, however.

LaTeX Font Info:    Try loading font information for U+rsfs on input line 535.
(/usr/local/texlive/2019/texmf-dist/tex/latex/jknapltx/ursfs.fd
File: ursfs.fd 1998/03/24 rsfs font definition file (jk)
)
LaTeX Font Info:    Try loading font information for U+msa on input line 535.
 (/usr/local/texlive/2019/texmf-dist/tex/latex/amsfonts/umsa.fd
File: umsa.fd 2013/01/14 v3.01 AMS symbols A
)
LaTeX Font Info:    Try loading font information for U+msb on input line 535.
 (/usr/local/texlive/2019/texmf-dist/tex/latex/amsfonts/umsb.fd
File: umsb.fd 2013/01/14 v3.01 AMS symbols B
) [2


]

Package fontspec Warning: Font "FandolKai-Regular" does not contain requested
(fontspec)                Script "CJK".


Package fontspec Info: Font family 'FandolKai-Regular(0)' created for font
(fontspec)             'FandolKai-Regular' with options
(fontspec)             [Script={CJK},Extension={.otf}].
(fontspec)              
(fontspec)              This font family consists of the following NFSS
(fontspec)             series/shapes:
(fontspec)              
(fontspec)             - 'normal' (m/n) with NFSS spec.:
(fontspec)             <->"[FandolKai-Regular.otf]/OT"
(fontspec)             - 'small caps'  (m/sc) with NFSS spec.: 

File: figures/bupt_logo.pdf Graphic file (type pdf)
<use figures/bupt_logo.pdf>
[3]
File: figures/bupt_logo.pdf Graphic file (type pdf)
<use figures/bupt_logo.pdf>
 [4


]

Package fontspec Warning: Font "FandolHei-Regular" does not contain requested
(fontspec)                Script "CJK".


Package fontspec Info: Font family 'FandolHei-Regular(0)' created for font
(fontspec)             'FandolHei-Regular' with options
(fontspec)             [Script={CJK},Extension={.otf},BoldFont={FandolHei-Bold}].
(fontspec)              
(fontspec)              This font family consists of the following NFSS
(fontspec)             series/shapes:
(fontspec)              
(fontspec)             - 'normal' (m/n) with NFSS spec.:
(fontspec)             <->"[FandolHei-Regular.otf]/OT"
(fontspec)             - 'small caps'  (m/sc) with NFSS spec.: 
(fontspec)             - 'bold' (bx/n) with NFSS spec.:
(fontspec)             <->"[FandolHei-Bold.otf]/OT"
(fontspec)             - 'bold small caps'  (bx/sc) with NFSS spec.: 

(./main.toc [5]
Missing character: There is no 騄 in font [FandolSong-Regular.otf]/OT!
)
\tf@toc=\write9
\openout9 = `main.toc'.

File: figures/bupt_logo.pdf Graphic file (type pdf)
<use figures/bupt_logo.pdf>
 [6] (./chapters/ch0.tex
第零章
Package newfloat Info: Setting Plan B file extension to `lof'... on input line 2.

Package fontspec Warning: Font "FandolFang-Regular" does not contain requested
(fontspec)                Script "CJK".


Package fontspec Info: Font family 'FandolFang-Regular(0)' created for font
(fontspec)             'FandolFang-Regular' with options
(fontspec)             [Script={CJK},Extension={.otf}].
(fontspec)              
(fontspec)              This font family consists of the following NFSS
(fontspec)             series/shapes:
(fontspec)              
(fontspec)             - 'normal' (m/n) with NFSS spec.:
(fontspec)             <->"[FandolFang-Regular.otf]/OT"
(fontspec)             - 'small caps'  (m/sc) with NFSS spec.: 

[1


]
File: figures/bupt_logo.pdf Graphic file (type pdf)
<use figures/bupt_logo.pdf>
 [2]
Overfull \hbox (0.70993pt too wide) in paragraph at lines 47--48
[]\TU/CMUSerif(0)/m/n/12 Bernoulli \TU/FandolSong-Regular(0)/m/n/12 大 数 定 律\TU/CMUSerif(0)/m/n/12 : \TU/FandolSong-Regular(0)/m/n/12 假 设 $\OMS/cmsy/m/n/12 f\OML/cmm/m/it/12 ^^X[]\OMS/cmsy/m/n/12 g$ \TU/FandolSong-Regular(0)/m/n/12 为 一 个 独 立 同 分 布 的 随 机 变 量 序 列\TU/CMUSerif(0)/m/n/12 ,$\OML/cmm/m/it/12 P\OT1/cmr/m/n/12 (\OML/cmm/m/it/12 ^^X[] \OT1/cmr/m/n/12 = 1) = \OML/cmm/m/it/12 p; P\OT1/cmr/m/n/12 (\OML/cmm/m/it/12 ^^X[] \OT1/cmr/m/n/12 =
 []

File: figures/bupt_logo.pdf Graphic file (type pdf)
<use figures/bupt_logo.pdf>
[3]
File: figures/bupt_logo.pdf Graphic file (type pdf)
<use figures/bupt_logo.pdf>
 [4]
File: figures/bupt_logo.pdf Graphic file (type pdf)
<use figures/bupt_logo.pdf>
 [5]
File: figures/bupt_logo.pdf Graphic file (type pdf)
<use figures/bupt_logo.pdf>
 [6]
Missing character: There is no 騄 in font [FandolSong-Regular.otf]/OT!
File: figures/bupt_logo.pdf Graphic file (type pdf)
<use figures/bupt_logo.pdf>
 [7]
File: figures/bupt_logo.pdf Graphic file (type pdf)
<use figures/bupt_logo.pdf>
 [8]
Overfull \hbox (6.35138pt too wide) in paragraph at lines 209--211
\TU/FandolSong-Regular(0)/m/n/12 显 然\TU/CMUSerif(0)/m/n/12 , Borel \TU/FandolSong-Regular(0)/m/n/12 强 大 数 律 更 为 深 刻 地 解 释 了\TU/CMUSerif(0)/m/n/12 ” \TU/FandolSong-Regular(0)/m/n/12 频 率 收 敛 到 概 率 的 基 本 事 实\TU/CMUSerif(0)/m/n/12 ”. \TU/FandolSong-Regular(0)/m/n/12 值 得 强 调\TU/CMUSerif(0)/m/n/12 , \TU/FandolSong-Regular(0)/m/n/12 从 \TU/CMUSerif(0)/m/n/12 Bernoulli
 []

File: figures/bupt_logo.pdf Graphic file (type pdf)
<use figures/bupt_logo.pdf>
[9]
File: figures/bupt_logo.pdf Graphic file (type pdf)
<use figures/bupt_logo.pdf>
 [10]
Missing character: There is no 騄 in font [FandolSong-Regular.otf]/OT!

Overfull \hbox (5.19589pt too wide) in paragraph at lines 286--287
[]\TU/FandolSong-Regular(0)/m/n/12 随 机 过 程 的 迅 猛 发 展 是 概 率 论 学 科 乃 至 整 个 数 学 在 \TU/CMUSerif(0)/m/n/12 20 \TU/FandolSong-Regular(0)/m/n/12 世 纪 取 得 的 最 大 成 就 之 一\TU/CMUSerif(0)/m/n/12 . Wiener
 []

File: figures/bupt_logo.pdf Graphic file (type pdf)
<use figures/bupt_logo.pdf>
[11]
File: figures/bupt_logo.pdf Graphic file (type pdf)
<use figures/bupt_logo.pdf>
 [12]
File: figures/bupt_logo.pdf Graphic file (type pdf)
<use figures/bupt_logo.pdf>
 [13]) (./chapters/ch1.tex
File: figures/bupt_logo.pdf Graphic file (type pdf)
<use figures/bupt_logo.pdf>
 [14] [15

] [16]
第一章
[17

]
Package mdframed Info: mdframed works in twoside mode on input line 51.
File: figures/bupt_logo.pdf Graphic file (type pdf)
<use figures/bupt_logo.pdf>
 [18]
Package mdframed Info: mdframed works in twoside mode on input line 90.
Package hyperref Info: bookmark level for unknown definition defaults to 0 on input line 90.
File: figures/bupt_logo.pdf Graphic file (type pdf)
<use figures/bupt_logo.pdf>
 [19]
Package mdframed Info: mdframed works in twoside mode on input line 96.
Package hyperref Info: bookmark level for unknown example defaults to 0 on input line 97.
Package mdframed Info: mdframed works in twoside mode on input line 99.
Package mdframed Info: mdframed works in twoside mode on input line 105.
Package mdframed Info: mdframed works in twoside mode on input line 111.
Package mdframed Info: mdframed works in twoside mode on input line 115.
Package mdframed Info: mdframed works in twoside mode on input line 125.
Package hyperref Info: bookmark level for unknown lemma defaults to 0 on input line 126.
File: figures/bupt_logo.pdf Graphic file (type pdf)
<use figures/bupt_logo.pdf>
 [20]
Package mdframed Info: Not enough space on this page on input line 132.
Package mdframed Info: mdframed works in twoside mode on input line 150.
Package mdframed Info: mdframed works in twoside mode on input line 169.
Package mdframed Info: Box was splittet wrong
 starting loop to iterate the splitting point
(mdframed)              on input line 178.
File: figures/bupt_logo.pdf Graphic file (type pdf)
<use figures/bupt_logo.pdf>
 [21]
Package mdframed Info: mdframed works in twoside mode on input line 180.
Package mdframed Info: mdframed works in twoside mode on input line 184.
Package mdframed Info: mdframed works in twoside mode on input line 190.
Package mdframed Info: mdframed works in twoside mode on input line 193.
Package mdframed Info: mdframed works in twoside mode on input line 209.
Package hyperref Info: bookmark level for unknown theorem defaults to 0 on input line 210.
File: figures/bupt_logo.pdf Graphic file (type pdf)
<use figures/bupt_logo.pdf>
 [22]
Package mdframed Info: mdframed works in twoside mode on input line 231.
Package mdframed Info: mdframed works in twoside mode on input line 241.
Package mdframed Info: mdframed works in twoside mode on input line 267.
Package mdframed Info: mdframed works in twoside mode on input line 270.
Package mdframed Info: Not enough space on this page on input line 272.
File: figures/bupt_logo.pdf Graphic file (type pdf)
<use figures/bupt_logo.pdf>
 [23]
Package mdframed Info: Not enough space on this page on input line 272.
Package mdframed Info: mdframed works in twoside mode on input line 291.
Package mdframed Info: mdframed works in twoside mode on input line 295.
Package mdframed Info: mdframed works in twoside mode on input line 305.
Package mdframed Info: mdframed works in twoside mode on input line 314.
Package mdframed Info: Not enough space on this page on input line 320.
File: figures/bupt_logo.pdf Graphic file (type pdf)
<use figures/bupt_logo.pdf>
 [24]
Package mdframed Info: Not enough space on this page on input line 320.
Package mdframed Info: mdframed works in twoside mode on input line 323.
Package mdframed Info: mdframed works in twoside mode on input line 335.
Package mdframed Info: mdframed works in twoside mode on input line 347.
Package mdframed Info: mdframed works in twoside mode on input line 361.
File: figures/bupt_logo.pdf Graphic file (type pdf)
<use figures/bupt_logo.pdf>
 [25]
Package mdframed Info: Not enough space on this page on input line 363.
Package mdframed Info: mdframed works in twoside mode on input line 372.
Package mdframed Info: mdframed works in twoside mode on input line 405.
Package mdframed Info: Not enough space on this page on input line 411.
File: figures/bupt_logo.pdf Graphic file (type pdf)
<use figures/bupt_logo.pdf>
 [26]
Package mdframed Info: Not enough space on this page on input line 411.
Package mdframed Info: mdframed works in twoside mode on input line 414.
Package mdframed Info: mdframed works in twoside mode on input line 424.
Package mdframed Info: mdframed works in twoside mode on input line 429.
File: figures/bupt_logo.pdf Graphic file (type pdf)
<use figures/bupt_logo.pdf>
 [27]
Package mdframed Info: mdframed works in twoside mode on input line 472.
File: figures/bupt_logo.pdf Graphic file (type pdf)
<use figures/bupt_logo.pdf>
 [28]
Package mdframed Info: mdframed works in twoside mode on input line 498.
Package mdframed Info: mdframed works in twoside mode on input line 524.
File: figures/bupt_logo.pdf Graphic file (type pdf)
<use figures/bupt_logo.pdf>
 [29]
Package mdframed Info: mdframed works in twoside mode on input line 566.
Package hyperref Info: bookmark level for unknown corollary defaults to 0 on input line 567.
Package mdframed Info: mdframed works in twoside mode on input line 572.
Package mdframed Info: mdframed works in twoside mode on input line 588.
Package mdframed Info: mdframed works in twoside mode on input line 594.
File: figures/bupt_logo.pdf Graphic file (type pdf)
<use figures/bupt_logo.pdf>
 [30]
Package mdframed Info: mdframed works in twoside mode on input line 637.
File: figures/bupt_logo.pdf Graphic file (type pdf)
<use figures/bupt_logo.pdf>
 [31]
Package mdframed Info: Not enough space on this page on input line 645.
File: figures/bupt_logo.pdf Graphic file (type pdf)
<use figures/bupt_logo.pdf>
 [32]
Package mdframed Info: mdframed works in twoside mode on input line 709.
File: figures/bupt_logo.pdf Graphic file (type pdf)
<use figures/bupt_logo.pdf>
 [33]
Package mdframed Info: mdframed works in twoside mode on input line 717.
File: figures/bupt_logo.pdf Graphic file (type pdf)
<use figures/bupt_logo.pdf>
 [34]
Package mdframed Info: mdframed works in twoside mode on input line 757.
Package mdframed Info: mdframed works in twoside mode on input line 784.
Package mdframed Info: Not enough space on this page on input line 790.
File: figures/bupt_logo.pdf Graphic file (type pdf)
<use figures/bupt_logo.pdf>
 [35]
Package mdframed Info: Not enough space on this page on input line 790.
Package mdframed Info: mdframed works in twoside mode on input line 803.
Package mdframed Info: mdframed works in twoside mode on input line 824.
Package mdframed Info: Not enough space on this page on input line 835.
File: figures/bupt_logo.pdf Graphic file (type pdf)
<use figures/bupt_logo.pdf>
 [36]
Package mdframed Info: Not enough space on this page on input line 835.
Package mdframed Info: mdframed works in twoside mode on input line 837.
Package mdframed Info: mdframed works in twoside mode on input line 849.
Package mdframed Info: mdframed works in twoside mode on input line 860.
Package mdframed Info: mdframed works in twoside mode on input line 870.
File: figures/bupt_logo.pdf Graphic file (type pdf)
<use figures/bupt_logo.pdf>
 [37]
Package mdframed Info: mdframed works in twoside mode on input line 902.
File: figures/bupt_logo.pdf Graphic file (type pdf)
<use figures/bupt_logo.pdf>
 [38]
Package mdframed Info: mdframed works in twoside mode on input line 934.


Package hyperref Warning: Token not allowed in a PDF string (Unicode):
(hyperref)                removing `math shift' on input line 960.


Package hyperref Warning: Token not allowed in a PDF string (Unicode):
(hyperref)                removing `\sigma' on input line 960.


Package hyperref Warning: Token not allowed in a PDF string (Unicode):
(hyperref)                removing `math shift' on input line 960.

Package mdframed Info: mdframed works in twoside mode on input line 963.
Package mdframed Info: Not enough space on this page on input line 972.
File: figures/bupt_logo.pdf Graphic file (type pdf)
<use figures/bupt_logo.pdf>
[39]
Package mdframed Info: Not enough space on this page on input line 972.
File: figures/bupt_logo.pdf Graphic file (type pdf)
<use figures/bupt_logo.pdf>
 [40]
Package mdframed Info: mdframed works in twoside mode on input line 1025.


LaTeX Warning: Reference `lemma:1.1.1' on page 41 undefined on input line 1039.


LaTeX Warning: Reference `thm:1.2.3' on page 41 undefined on input line 1044.


LaTeX Warning: Reference `lemma:1.2.4' on page 41 undefined on input line 1044.


LaTeX Warning: Reference `eq:1.30' on page 41 undefined on input line 1048.

File: figures/bupt_logo.pdf Graphic file (type pdf)
<use figures/bupt_logo.pdf>
[41]
Package mdframed Info: mdframed works in twoside mode on input line 1062.


LaTeX Warning: Reference `thm:1.2.6' on page 42 undefined on input line 1066.


LaTeX Warning: Reference `thm:1.2.5' on page 42 undefined on input line 1066.


LaTeX Warning: Reference `lemma:1.2.5' on page 42 undefined on input line 1067.

Package mdframed Info: mdframed works in twoside mode on input line 1073.
File: figures/bupt_logo.pdf Graphic file (type pdf)
<use figures/bupt_logo.pdf>
[42]
第二章
Package mdframed Info: mdframed works in twoside mode on input line 1093.
Package mdframed Info: mdframed works in twoside mode on input line 1104.
Package mdframed Info: mdframed works in twoside mode on input line 1120.
Package mdframed Info: Not enough space on this page on input line 1131.
[43

]
Package mdframed Info: Not enough space on this page on input line 1131.
Package mdframed Info: mdframed works in twoside mode on input line 1136.
Package mdframed Info: mdframed works in twoside mode on input line 1143.
File: figures/bupt_logo.pdf Graphic file (type pdf)
<use figures/bupt_logo.pdf>
 [44])
File: figures/bupt_logo.pdf Graphic file (type pdf)
<use figures/bupt_logo.pdf>
 [45] [46


]
\openout2 = `chapters/ch99_reference.aux'.

 (./chapters/ch99_reference.tex (./main.brf)
\tf@brf=\write10
\openout10 = `main.brf'.

File: figures/bupt_logo.pdf Graphic file (type pdf)
<use figures/bupt_logo.pdf>
 [47


]
File: figures/bupt_logo.pdf Graphic file (type pdf)
<use figures/bupt_logo.pdf>
 [48

]

Package hyperref Warning: Token not allowed in a PDF string (Unicode):
(hyperref)                \hskip 24.0pt
(hyperref)                replaced by space on input line 97.


Overfull \hbox (11.40791pt too wide) in paragraph at lines 109--110
[]\TU/FandolSong-Regular(0)/m/n/12 最 著 名 是 \TU/CMUSerif(0)/m/n/12 ZF(Zermelo-Fraenkel) \TU/FandolSong-Regular(0)/m/n/12 公 理 集 合 论 体 系\TU/CMUSerif(0)/m/n/12 , \TU/FandolSong-Regular(0)/m/n/12 及 其 保 守 扩 张 \TU/CMUSerif(0)/m/n/12 GB(Gödel \TU/FandolSong-Regular(0)/m/n/12 以 及 \TU/CMUSerif(0)/m/n/12 Bernays). 
 []

Package mdframed Info: mdframed works in twoside mode on input line 112.
[49]
File: figures/bupt_logo.pdf Graphic file (type pdf)
<use figures/bupt_logo.pdf>
 [50]
Package mdframed Info: mdframed works in twoside mode on input line 173.
Package mdframed Info: mdframed works in twoside mode on input line 185.
File: figures/bupt_logo.pdf Graphic file (type pdf)
<use figures/bupt_logo.pdf>
 [51]
File: figures/bupt_logo.pdf Graphic file (type pdf)
<use figures/bupt_logo.pdf>
 [52]
File: figures/bupt_logo.pdf Graphic file (type pdf)
<use figures/bupt_logo.pdf>
 [53]
File: figures/bupt_logo.pdf Graphic file (type pdf)
<use figures/bupt_logo.pdf>
 [54]
File: figures/bupt_logo.pdf Graphic file (type pdf)
<use figures/bupt_logo.pdf>
 [55]
File: figures/bupt_logo.pdf Graphic file (type pdf)
<use figures/bupt_logo.pdf>
 [56]
Missing character: There is no 騄 in font [FandolSong-Regular.otf]/OT!
Missing character: There is no 騄 in font [FandolSong-Regular.otf]/OT!
Missing character: There is no 騄 in font [FandolSong-Regular.otf]/OT!
Missing character: There is no 騄 in font [FandolSong-Regular.otf]/OT!
Missing character: There is no 騄 in font [FandolSong-Regular.otf]/OT!
Missing character: There is no 騄 in font [FandolSong-Regular.otf]/OT!
Missing character: There is no 騄 in font [FandolSong-Regular.otf]/OT!
Missing character: There is no 騄 in font [FandolSong-Regular.otf]/OT!
Missing character: There is no 騄 in font [FandolSong-Regular.otf]/OT!
Missing character: There is no 騄 in font [FandolSong-Regular.otf]/OT!
File: figures/bupt_logo.pdf Graphic file (type pdf)
<use figures/bupt_logo.pdf>
 [57]
Missing character: There is no 寯 in font [FandolSong-Regular.otf]/OT!
Missing character: There is no 騄 in font [FandolSong-Regular.otf]/OT!
Missing character: There is no 祐 in font [FandolSong-Regular.otf]/OT!
Missing character: There is no 騄 in font [FandolSong-Regular.otf]/OT!
Missing character: There is no 騄 in font [FandolSong-Regular.otf]/OT!
File: figures/bupt_logo.pdf Graphic file (type pdf)
<use figures/bupt_logo.pdf>
 [58]
Missing character: There is no 祐 in font [FandolSong-Regular.otf]/OT!
Missing character: There is no 騄 in font [FandolSong-Regular.otf]/OT!
Missing character: There is no 骙 in font [FandolSong-Regular.otf]/OT!
Missing character: There is no 骙 in font [FandolSong-Regular.otf]/OT!
Missing character: There is no 骙 in font [FandolSong-Regular.otf]/OT!
Missing character: There is no 骙 in font [FandolSong-Regular.otf]/OT!
Missing character: There is no 騄 in font [FandolSong-Regular.otf]/OT!
Missing character: There is no 騄 in font [FandolSong-Regular.otf]/OT!
Missing character: There is no 騄 in font [FandolSong-Regular.otf]/OT!
Missing character: There is no 騄 in font [FandolSong-Regular.otf]/OT!
Missing character: There is no 騄 in font [FandolSong-Regular.otf]/OT!
Missing character: There is no 騄 in font [FandolSong-Regular.otf]/OT!
Missing character: There is no 騄 in font [FandolSong-Regular.otf]/OT!
Missing character: There is no 騄 in font [FandolSong-Regular.otf]/OT!
Missing character: There is no 騄 in font [FandolSong-Regular.otf]/OT!
Missing character: There is no 騄 in font [FandolSong-Regular.otf]/OT!
Missing character: There is no 騄 in font [FandolSong-Regular.otf]/OT!
Missing character: There is no 騄 in font [FandolSong-Regular.otf]/OT!
Missing character: There is no 騄 in font [FandolSong-Regular.otf]/OT!
File: figures/bupt_logo.pdf Graphic file (type pdf)
<use figures/bupt_logo.pdf>
 [59]
Missing character: There is no 騄 in font [FandolSong-Regular.otf]/OT!
Missing character: There is no 騄 in font [FandolSong-Regular.otf]/OT!
Missing character: There is no 騄 in font [FandolSong-Regular.otf]/OT!
Missing character: There is no 騄 in font [FandolSong-Regular.otf]/OT!
Missing character: There is no 騄 in font [FandolSong-Regular.otf]/OT!
Missing character: There is no 騄 in font [FandolSong-Regular.otf]/OT!
Missing character: There is no 騄 in font [FandolSong-Regular.otf]/OT!
Missing character: There is no 騄 in font [FandolSong-Regular.otf]/OT!
Missing character: There is no 騄 in font [FandolSong-Regular.otf]/OT!
Missing character: There is no 騄 in font [FandolSong-Regular.otf]/OT!
Missing character: There is no 騄 in font [FandolSong-Regular.otf]/OT!
Missing character: There is no 騄 in font [FandolSong-Regular.otf]/OT!
Missing character: There is no 騄 in font [FandolSong-Regular.otf]/OT!
Missing character: There is no 騄 in font [FandolSong-Regular.otf]/OT!
Missing character: There is no 騄 in font [FandolSong-Regular.otf]/OT!
Missing character: There is no 騄 in font [FandolSong-Regular.otf]/OT!
File: figures/bupt_logo.pdf Graphic file (type pdf)
<use figures/bupt_logo.pdf>
 [60]
Missing character: There is no 騄 in font [FandolSong-Regular.otf]/OT!
Missing character: There is no 騄 in font [FandolSong-Regular.otf]/OT!
Missing character: There is no 騄 in font [FandolSong-Regular.otf]/OT!
Missing character: There is no 騄 in font [FandolSong-Regular.otf]/OT!
Missing character: There is no 騄 in font [FandolSong-Regular.otf]/OT!
Missing character: There is no 騄 in font [FandolSong-Regular.otf]/OT!
Missing character: There is no 騄 in font [FandolSong-Regular.otf]/OT!
Missing character: There is no 騄 in font [FandolSong-Regular.otf]/OT!
Missing character: There is no 騄 in font [FandolSong-Regular.otf]/OT!
Missing character: There is no 騄 in font [FandolSong-Regular.otf]/OT!
Missing character: There is no 騄 in font [FandolSong-Regular.otf]/OT!
Missing character: There is no 騄 in font [FandolSong-Regular.otf]/OT!
Missing character: There is no 騄 in font [FandolSong-Regular.otf]/OT!
Missing character: There is no 騄 in font [FandolSong-Regular.otf]/OT!
Missing character: There is no 騄 in font [FandolSong-Regular.otf]/OT!
Missing character: There is no 騄 in font [FandolSong-Regular.otf]/OT!
Missing character: There is no 騄 in font [FandolSong-Regular.otf]/OT!
Missing character: There is no 騄 in font [FandolSong-Regular.otf]/OT!
Missing character: There is no 騄 in font [FandolSong-Regular.otf]/OT!
File: figures/bupt_logo.pdf Graphic file (type pdf)
<use figures/bupt_logo.pdf>
 [61]
Missing character: There is no 騄 in font [FandolSong-Regular.otf]/OT!
Missing character: There is no 騄 in font [FandolSong-Regular.otf]/OT!
Missing character: There is no 騄 in font [FandolSong-Regular.otf]/OT!
Missing character: There is no 騄 in font [FandolSong-Regular.otf]/OT!
Missing character: There is no 騄 in font [FandolSong-Regular.otf]/OT!
Missing character: There is no 騄 in font [FandolSong-Regular.otf]/OT!
Missing character: There is no 騄 in font [FandolSong-Regular.otf]/OT!
Missing character: There is no 騄 in font [FandolSong-Regular.otf]/OT!
Missing character: There is no 騄 in font [FandolSong-Regular.otf]/OT!
Missing character: There is no 騄 in font [FandolSong-Regular.otf]/OT!
File: figures/bupt_logo.pdf Graphic file (type pdf)
<use figures/bupt_logo.pdf>
 [62]
Missing character: There is no 騄 in font [FandolSong-Regular.otf]/OT!
Missing character: There is no 騄 in font [FandolSong-Regular.otf]/OT!
Missing character: There is no 騄 in font [FandolSong-Regular.otf]/OT!
Missing character: There is no 騄 in font [FandolSong-Regular.otf]/OT!
Missing character: There is no 騄 in font [FandolSong-Regular.otf]/OT!
Missing character: There is no 騄 in font [FandolSong-Regular.otf]/OT!
Missing character: There is no 騄 in font [FandolSong-Regular.otf]/OT!
Missing character: There is no 騄 in font [FandolSong-Regular.otf]/OT!
Missing character: There is no 騄 in font [FandolSong-Regular.otf]/OT!
Missing character: There is no 騄 in font [FandolSong-Regular.otf]/OT!
Missing character: There is no 騄 in font [FandolSong-Regular.otf]/OT!
Missing character: There is no 騄 in font [FandolSong-Regular.otf]/OT!
File: figures/bupt_logo.pdf Graphic file (type pdf)
<use figures/bupt_logo.pdf>
 [63]
Missing character: There is no 騄 in font [FandolSong-Regular.otf]/OT!
Missing character: There is no 騄 in font [FandolSong-Regular.otf]/OT!
Missing character: There is no 騄 in font [FandolSong-Regular.otf]/OT!
Missing character: There is no 騄 in font [FandolSong-Regular.otf]/OT!
Missing character: There is no 騄 in font [FandolSong-Regular.otf]/OT!
Missing character: There is no 騄 in font [FandolSong-Regular.otf]/OT!
Missing character: There is no 騄 in font [FandolSong-Regular.otf]/OT!
Missing character: There is no 騄 in font [FandolSong-Regular.otf]/OT!
Missing character: There is no 騄 in font [FandolSong-Regular.otf]/OT!
Missing character: There is no 騄 in font [FandolSong-Regular.otf]/OT!
Missing character: There is no 騄 in font [FandolSong-Regular.otf]/OT!
Missing character: There is no 騄 in font [FandolSong-Regular.otf]/OT!
File: figures/bupt_logo.pdf Graphic file (type pdf)
<use figures/bupt_logo.pdf>
 [64]
Missing character: There is no 騄 in font [FandolSong-Regular.otf]/OT!
Missing character: There is no 騄 in font [FandolSong-Regular.otf]/OT!
Missing character: There is no 騄 in font [FandolSong-Regular.otf]/OT!
Missing character: There is no 騄 in font [FandolSong-Regular.otf]/OT!
Missing character: There is no 騄 in font [FandolSong-Regular.otf]/OT!
Missing character: There is no 騄 in font [FandolSong-Regular.otf]/OT!
Missing character: There is no 騄 in font [FandolSong-Regular.otf]/OT!
Missing character: There is no 騄 in font [FandolSong-Regular.otf]/OT!
Missing character: There is no 騄 in font [FandolSong-Regular.otf]/OT!
Missing character: There is no 騄 in font [FandolSong-Regular.otf]/OT!
Missing character: There is no 騄 in font [FandolSong-Regular.otf]/OT!
Missing character: There is no 騄 in font [FandolSong-Regular.otf]/OT!
Missing character: There is no 騄 in font [FandolSong-Regular.otf]/OT!
Missing character: There is no 騄 in font [FandolSong-Regular.otf]/OT!
Missing character: There is no 騄 in font [FandolSong-Regular.otf]/OT!
Missing character: There is no 騄 in font [FandolSong-Regular.otf]/OT!
Missing character: There is no 騄 in font [FandolSong-Regular.otf]/OT!
Missing character: There is no 騄 in font [FandolSong-Regular.otf]/OT!
File: figures/bupt_logo.pdf Graphic file (type pdf)
<use figures/bupt_logo.pdf>
 [65]
Missing character: There is no 騄 in font [FandolSong-Regular.otf]/OT!
Missing character: There is no 騄 in font [FandolSong-Regular.otf]/OT!
Missing character: There is no 騄 in font [FandolSong-Regular.otf]/OT!
Missing character: There is no 騄 in font [FandolSong-Regular.otf]/OT!
Missing character: There is no 澐 in font [FandolSong-Regular.otf]/OT!
Missing character: There is no 騄 in font [FandolSong-Regular.otf]/OT!
Missing character: There is no 澐 in font [FandolSong-Regular.otf]/OT!
Missing character: There is no 騄 in font [FandolSong-Regular.otf]/OT!
Missing character: There is no 騄 in font [FandolSong-Regular.otf]/OT!
Missing character: There is no 騄 in font [FandolSong-Regular.otf]/OT!
Missing character: There is no 騄 in font [FandolSong-Regular.otf]/OT!
Missing character: There is no 騄 in font [FandolSong-Regular.otf]/OT!
Missing character: There is no 騄 in font [FandolSong-Regular.otf]/OT!
Missing character: There is no 騄 in font [FandolSong-Regular.otf]/OT!
Missing character: There is no 騄 in font [FandolSong-Regular.otf]/OT!
Missing character: There is no 騄 in font [FandolSong-Regular.otf]/OT!
Missing character: There is no 騄 in font [FandolSong-Regular.otf]/OT!
File: figures/bupt_logo.pdf Graphic file (type pdf)
<use figures/bupt_logo.pdf>
 [66]
Missing character: There is no 騄 in font [FandolSong-Regular.otf]/OT!
Missing character: There is no 騄 in font [FandolSong-Regular.otf]/OT!
Missing character: There is no 騄 in font [FandolSong-Regular.otf]/OT!
Missing character: There is no 騄 in font [FandolSong-Regular.otf]/OT!
Missing character: There is no 騄 in font [FandolSong-Regular.otf]/OT!
Missing character: There is no 騄 in font [FandolSong-Regular.otf]/OT!
File: figures/bupt_logo.pdf Graphic file (type pdf)
<use figures/bupt_logo.pdf>
 [67]
Missing character: There is no 騄 in font [FandolSong-Regular.otf]/OT!
Missing character: There is no 騄 in font [FandolSong-Regular.otf]/OT!
Missing character: There is no 騄 in font [FandolSong-Regular.otf]/OT!
Missing character: There is no 騄 in font [FandolSong-Regular.otf]/OT!
Missing character: There is no 騄 in font [FandolSong-Regular.otf]/OT!
Missing character: There is no 騄 in font [FandolSong-Regular.otf]/OT!
Missing character: There is no 騄 in font [FandolSong-Regular.otf]/OT!
Missing character: There is no 騄 in font [FandolSong-Regular.otf]/OT!
Missing character: There is no 騄 in font [FandolSong-Regular.otf]/OT!
Missing character: There is no 騄 in font [FandolSong-Regular.otf]/OT!
File: figures/bupt_logo.pdf Graphic file (type pdf)
<use figures/bupt_logo.pdf>
 [68]
Missing character: There is no 癒 in font [FandolSong-Regular.otf]/OT!
Missing character: There is no 騄 in font [FandolSong-Regular.otf]/OT!
Missing character: There is no 騄 in font [FandolSong-Regular.otf]/OT!
Missing character: There is no 騄 in font [FandolSong-Regular.otf]/OT!
Missing character: There is no 騄 in font [FandolSong-Regular.otf]/OT!
Missing character: There is no 騄 in font [FandolSong-Regular.otf]/OT!
Missing character: There is no 騄 in font [FandolSong-Regular.otf]/OT!
Missing character: There is no 騄 in font [FandolSong-Regular.otf]/OT!
Missing character: There is no 騄 in font [FandolSong-Regular.otf]/OT!
Missing character: There is no 騄 in font [FandolSong-Regular.otf]/OT!
File: figures/bupt_logo.pdf Graphic file (type pdf)
<use figures/bupt_logo.pdf>
 [69])
File: figures/bupt_logo.pdf Graphic file (type pdf)
<use figures/bupt_logo.pdf>
 [70]
\tf@thm=\write11
\openout11 = `main.thm'.

Package atveryend Info: Empty hook `BeforeClearDocument' on input line 607.
Package atveryend Info: Empty hook `AfterLastShipout' on input line 607.
 (./main.aux (./chapters/ch99_reference.aux))
Package atveryend Info: Empty hook `AtVeryEndDocument' on input line 607.
Package atveryend Info: Executing hook `AtEndAfterFileList' on input line 607.
Package rerunfilecheck Info: File `main.out' has not changed.
(rerunfilecheck)             Checksum: 5988C0E45A6A45254309208FDBA96053.
Package rerunfilecheck Info: File `main.brf' has not changed.
(rerunfilecheck)             Checksum: D41D8CD98F00B204E9800998ECF8427E.


LaTeX Warning: There were undefined references.

Package atveryend Info: Empty hook `AtVeryVeryEnd' on input line 607.
 ) 
Here is how much of TeX's memory you used:
 48514 strings out of 492922
 1027355 string characters out of 6133406
 1281602 words of memory out of 5000000
 51823 multiletter control sequences out of 15000+600000
 546050 words of font info for 125 fonts, out of 8000000 for 9000
 1348 hyphenation exceptions out of 8191
 58i,18n,93p,1040b,1054s stack positions out of 5000i,500n,10000p,200000b,80000s

Output written on main.pdf (76 pages).
