\BOOKMARK [1][-]{Contents.1}{\376\377\166\356\137\125}{}% 1
\BOOKMARK [0][]{chapter.0}{\376\377\173\054\226\366\172\340\000\040\000\040\137\025\212\000}{}% 2
\BOOKMARK [1][-]{section.0.1}{\376\377\0000\000.\0001\000\040\116\073\211\201\121\205\133\271\000\040\000\046\000\040\116\073\211\201\123\302\200\003\215\104\145\231}{chapter.0}% 3
\BOOKMARK [1][-]{section.0.2}{\376\377\0000\000.\0002\000\040\121\231\127\050\122\115\227\142}{chapter.0}% 4
\BOOKMARK [1][-]{section.0.3}{\376\377\0000\000.\0003\000\040\151\202\163\207\213\272\213\304\217\360}{chapter.0}% 5
\BOOKMARK [-1][]{part.1}{\376\377\173\054\116\000\220\350\122\006\000\040\155\113\136\246\213\272}{}% 6
\BOOKMARK [0][]{chapter.1}{\376\377\173\054\116\000\172\340\000\040\000\040\155\113\136\246\172\172\225\364\116\016\151\202\163\207\172\172\225\364}{part.1}% 7
\BOOKMARK [1][-]{section.1.1}{\376\377\0001\000.\0001\000\040\123\357\155\113\172\172\225\364}{chapter.1}% 8
\BOOKMARK [2][-]{subsection.1.1.1}{\376\377\0001\000.\0001\000.\0001\000\040\226\306\124\010\123\312\121\166\217\320\173\227}{section.1.1}% 9
\BOOKMARK [2][-]{subsection.1.1.2}{\376\377\0001\000.\0001\000.\0002\000\040\226\306\174\173}{section.1.1}% 10
\BOOKMARK [2][-]{subsection.1.1.3}{\376\377\0001\000.\0001\000.\0003\000\040\226\306\174\173\166\204\165\037\142\020}{section.1.1}% 11
\BOOKMARK [1][-]{section.1.2}{\376\377\0001\000.\0002\000\040\155\113\136\246\116\016\155\113\136\246\166\204\147\204\220\040}{chapter.1}% 12
\BOOKMARK [2][-]{subsection.1.2.1}{\376\377\0001\000.\0002\000.\0001\000\040\155\113\136\246\060\001\123\357\155\113\172\172\225\364\116\016\155\113\136\246\172\172\225\364}{section.1.2}% 13
\BOOKMARK [2][-]{subsection.1.2.2}{\376\377\0001\000.\0002\000.\0002\000\040\155\113\136\246\127\050\226\306\116\343\145\160\116\012\166\204\142\151\137\040}{section.1.2}% 14
\BOOKMARK [2][-]{subsection.1.2.3}{\376\377\0001\000.\0002\000.\0003\000\040\131\026\155\113\136\246}{section.1.2}% 15
\BOOKMARK [2][-]{subsection.1.2.4}{\376\377\0001\000.\0002\000.\0004\000\040\116\316\123\112\226\306\116\343\145\160\122\060\116\343\145\160\116\012\166\204\155\113\136\246\142\151\137\040}{section.1.2}% 16
\BOOKMARK [1][-]{section.1.3}{\376\377\0001\000.\0003\000\040\155\113\136\246\166\204\140\047\215\050}{chapter.1}% 17
\BOOKMARK [2][-]{subsection.1.3.1}{\376\377\0001\000.\0003\000.\0001\000\040\155\113\136\246\166\204\217\320\173\227\140\047\215\050}{section.1.3}% 18
\BOOKMARK [2][-]{subsection.1.3.2}{\376\377\0001\000.\0003\000.\0002\000\040\155\113\136\246\172\172\225\364\166\204\133\214\121\150\123\026}{section.1.3}% 19
\BOOKMARK [2][-]{subsection.1.3.3}{\376\377\0001\000.\0003\000.\0003\000\040\000L\000e\000b\000e\000s\000g\000u\000e\000-\000S\000t\000i\000e\000l\000t\000j\000e\000s\155\113\136\246}{section.1.3}% 20
\BOOKMARK [0][]{chapter.2}{\376\377\173\054\116\214\172\340\000\040\000\040\123\357\155\113\121\375\145\160\116\016\226\217\147\072\123\330\221\317}{part.1}% 21
\BOOKMARK [1][-]{section.2.1}{\376\377\0002\000.\0001\000\040\123\357\155\113\121\375\145\160\116\016\122\006\136\003}{chapter.2}% 22
\BOOKMARK [1][-]{section.2.2}{\376\377\0002\000.\0002\000\040\122\006\136\003\116\016\122\006\136\003\121\375\145\160}{chapter.2}% 23
\BOOKMARK [2][-]{subsection.2.2.1}{\376\377\0002\000.\0002\000.\0001\000\040\123\357\155\113\121\375\145\160\166\204\217\320\173\227}{section.2.2}% 24
\BOOKMARK [1][-]{section.2.3}{\376\377\0002\000.\0003\000\040\131\015\124\010\146\040\134\004\166\204\123\357\155\113\140\047}{chapter.2}% 25
\BOOKMARK [1][-]{section.2.4}{\376\377\0002\000.\0004\000\040\123\357\155\113\146\040\134\004\122\027\147\201\226\120\166\204\123\357\155\113\140\047}{chapter.2}% 26
\BOOKMARK [1][-]{section.2.5}{\376\377\0002\000.\0005\000\040\123\357\155\113\121\375\145\160\166\204\147\204\220\040}{chapter.2}% 27
\BOOKMARK [1][-]{section.2.6}{\376\377\0002\000.\0006\000\040\123\357\155\113\121\375\145\160\166\204\145\066\145\133\140\047}{chapter.2}% 28
\BOOKMARK [0][]{section*.3}{\376\377\123\302\200\003\145\207\163\056}{part.1}% 29
\BOOKMARK [0][]{chapter*.5}{\376\377\226\104\000\040\137\125}{part.1}% 30
\BOOKMARK [0][]{section*.6}{\376\377\226\104\137\125}{part.1}% 31
\BOOKMARK [1][-]{section*.7}{\376\377\226\104\137\125\0001\000\040\000\040\000\040\226\306\124\010\213\272\166\204\156\051\116\140}{section*.6}% 32
\BOOKMARK [1][-]{section*.9}{\376\377\226\104\137\125\0002\000\040\000\040\000\040\116\055\126\375\166\204\151\202\163\207\213\272\116\113\162\066\040\024\040\024\213\270\133\235\232\004\121\110\165\037}{section*.6}% 33
